<?xml version="1.0" encoding="UTF-8"?>
<!-- Generated by org.testng.reporters.JUnitXMLReporter -->
<testsuite ignored="0" hostname="LAPTOP-68FQM03A" failures="0" tests="10" name="Testonmyfirefox" time="15.285" errors="0" timestamp="2023-10-18T02:54:44 EDT">
  <testcase classname="crossBrowser.CrossBrowserStackTesting" name="Login_in" time="1.62"/>
  <testcase classname="crossBrowser.CrossBrowserStackTesting" name="User_Open_The_Stack_Page" time="0.559"/>
  <testcase classname="crossBrowser.CrossBrowserStackTesting" name="User_Open_The_Page_Operations_In_Stack" time="0.681"/>
  <testcase classname="crossBrowser.CrossBrowserStackTesting" name="Open_the_TryeditorPage_in_Operationpage_of_Stack" time="1.019"/>
  <testcase classname="crossBrowser.CrossBrowserStackTesting" name="Enters_Message_Run_Test_in_TryEditorBox" time="1.437"/>
  <testcase classname="crossBrowser.CrossBrowserStackTesting" name="Open_The_ImplementationPage_in_Stack" time="0.67"/>
  <testcase classname="crossBrowser.CrossBrowserStackTesting" name="Run_Test_In_TryEditor_of_Implementationpage_in_stack" time="1.407"/>
  <testcase classname="crossBrowser.CrossBrowserStackTesting" name="Open_The_Applicationspage_In_Stack" time="0.705"/>
  <testcase classname="crossBrowser.CrossBrowserStackTesting" name="Run_Test_In_TryEditor_of_Applicationspage_in_stack" time="1.521"/>
  <testcase classname="crossBrowser.CrossBrowserStackTesting" name="Open_Practice_Questions_Page_in_stack" time="1.108"/>
</testsuite> <!-- Testonmyfirefox -->
