<?xml version="1.0" encoding="UTF-8"?>
<!-- Generated by org.testng.reporters.JUnitXMLReporter -->
<testsuite ignored="0" hostname="LAPTOP-68FQM03A" failures="0" tests="10" name="Testonmychrome" time="8.848" errors="0" timestamp="2023-10-18T02:54:28 EDT">
  <testcase classname="crossBrowser.CrossBrowserStackTesting" name="Login_in" time="1.179"/>
  <testcase classname="crossBrowser.CrossBrowserStackTesting" name="User_Open_The_Stack_Page" time="0.285"/>
  <testcase classname="crossBrowser.CrossBrowserStackTesting" name="User_Open_The_Page_Operations_In_Stack" time="0.416"/>
  <testcase classname="crossBrowser.CrossBrowserStackTesting" name="Open_the_TryeditorPage_in_Operationpage_of_Stack" time="0.75"/>
  <testcase classname="crossBrowser.CrossBrowserStackTesting" name="Enters_Message_Run_Test_in_TryEditorBox" time="0.764"/>
  <testcase classname="crossBrowser.CrossBrowserStackTesting" name="Open_The_ImplementationPage_in_Stack" time="0.563"/>
  <testcase classname="crossBrowser.CrossBrowserStackTesting" name="Run_Test_In_TryEditor_of_Implementationpage_in_stack" time="0.804"/>
  <testcase classname="crossBrowser.CrossBrowserStackTesting" name="Open_The_Applicationspage_In_Stack" time="0.574"/>
  <testcase classname="crossBrowser.CrossBrowserStackTesting" name="Run_Test_In_TryEditor_of_Applicationspage_in_stack" time="0.987"/>
  <testcase classname="crossBrowser.CrossBrowserStackTesting" name="Open_Practice_Questions_Page_in_stack" time="0.853"/>
</testsuite> <!-- Testonmychrome -->
