<html>
<head>
<title>TestNG:  Default test</title>
<link href="../testng.css" rel="stylesheet" type="text/css" />
<link href="../my-testng.css" rel="stylesheet" type="text/css" />

<style type="text/css">
.log { display: none;} 
.stack-trace { display: none;} 
</style>
<script type="text/javascript">
<!--
function flip(e) {
  current = e.style.display;
  if (current == 'block') {
    e.style.display = 'none';
    return 0;
  }
  else {
    e.style.display = 'block';
    return 1;
  }
}

function toggleBox(szDivId, elem, msg1, msg2)
{
  var res = -1;  if (document.getElementById) {
    res = flip(document.getElementById(szDivId));
  }
  else if (document.all) {
    // this is the way old msie versions work
    res = flip(document.all[szDivId]);
  }
  if(elem) {
    if(res == 0) elem.innerHTML = msg1; else elem.innerHTML = msg2;
  }

}

function toggleAllBoxes() {
  if (document.getElementsByTagName) {
    d = document.getElementsByTagName('div');
    for (i = 0; i < d.length; i++) {
      if (d[i].className == 'log') {
        flip(d[i]);
      }
    }
  }
}

// -->
</script>

</head>
<body>
<h2 align='center'>Default test</h2><table border='1' align="center">
<tr>
<<<<<<< HEAD
<td>Tests passed/Failed/Skipped:</td><td>18/0/0</td>
</tr><tr>
<td>Started on:</td><td>Wed Nov 15 13:16:02 CST 2023</td>
</tr>
<tr><td>Total time:</td><td>38 seconds (38044 ms)</td>
=======
<td>Tests passed/Failed/Skipped:</td><td>24/2/0</td>
</tr><tr>
<td>Started on:</td><td>Wed Nov 15 13:47:45 EST 2023</td>
</tr>
<tr><td>Total time:</td><td>33 seconds (33811 ms)</td>
>>>>>>> faeca2a52a1cb635132acde4cc128ebf99e10bc7
</tr><tr>
<td>Included groups:</td><td></td>
</tr><tr>
<td>Excluded groups:</td><td></td>
</tr>
</table><p/>
<small><i>(Hover the method name to see the test class name)</i></small><p/>
<<<<<<< HEAD
=======
<table width='100%' border='1' class='invocation-failed'>
<tr><td colspan='4' align='center'><b>FAILED TESTS</b></td></tr>
<tr><td><b>Test method</b></td>
<td width="30%"><b>Exception</b></td>
<td width="10%"><b>Time (seconds)</b></td>
<td><b>Instance</b></td>
</tr>
<tr>
<td title='runner.TestRunnertestNG.runScenario()'><b>runScenario</b><br>Test class: runner.TestRunnertestNG<br>Test method: Runs Cucumber Scenarios<br>Parameters: "Validate the Other textbox", "Validitate Existing Morbidities"</td>
<td><div><pre>org.openqa.selenium.ElementClickInterceptedException: element click intercepted: Element &lt;path d=&quot;M14 43.7V8.3c0-1 1.3-1.7 2.2-.9l21.2 17.3c.8.6.8 1.9 0 2.5L16.2 44.7c-.9.7-2.2.1-2.2-1z&quot;&gt;&lt;/path&gt; is not clickable at point (514, 53). Other element would receive the click: &lt;lightning-primitive-icon variant=&quot;bare&quot;&gt;&lt;/lightning-primitive-icon&gt;
  (Session info: chrome=119.0.6045.123)
Build info: version: &apos;4.12.0&apos;, revision: &apos;249f2a7d1b*&apos;
System info: os.name: &apos;Mac OS X&apos;, os.arch: &apos;aarch64&apos;, os.version: &apos;12.6&apos;, java.version: &apos;17.0.1&apos;
Driver info: org.openqa.selenium.chrome.ChromeDriver
Command: [897a8454f63d83b797b1fc559746d0af, clickElement {id=FC1D655EF217954E0626B2FED8AF3D89_element_8427}]
Capabilities {acceptInsecureCerts: false, browserName: chrome, browserVersion: 119.0.6045.123, chrome: {chromedriverVersion: 119.0.6045.105 (38c72552c5e..., userDataDir: /var/folders/hp/mjygw40d1y1...}, fedcm:accounts: true, goog:chromeOptions: {debuggerAddress: localhost:55169}, networkConnectionEnabled: false, pageLoadStrategy: normal, platformName: mac, proxy: Proxy(), se:cdp: ws://localhost:55169/devtoo..., se:cdpVersion: 119.0.6045.123, setWindowRect: true, strictFileInteractability: false, timeouts: {implicit: 0, pageLoad: 300000, script: 30000}, unhandledPromptBehavior: dismiss and notify, webauthn:extension:credBlob: true, webauthn:extension:largeBlob: true, webauthn:extension:minPinLength: true, webauthn:extension:prf: true, webauthn:virtualAuthenticators: true}
Element: [[ChromeDriver: chrome on mac (897a8454f63d83b797b1fc559746d0af)] -&gt; xpath: (//*[name()=&apos;path&apos; and contains(@d,&apos;M14 43.7V8&apos;)])[1]]
Session ID: 897a8454f63d83b797b1fc559746d0af
	at java.base/jdk.internal.reflect.NativeConstructorAccessorImpl.newInstance0(Native Method)
	at java.base/jdk.internal.reflect.NativeConstructorAccessorImpl.newInstance(NativeConstructorAccessorImpl.java:77)
	at java.base/jdk.internal.reflect.DelegatingConstructorAccessorImpl.newInstance(DelegatingConstructorAccessorImpl.java:45)
	at java.base/java.lang.reflect.Constructor.newInstanceWithCaller(Constructor.java:499)
	at java.base/java.lang.reflect.Constructor.newInstance(Constructor.java:480)
	at org.openqa.selenium.remote.codec.w3c.W3CHttpResponseCodec.createException(W3CHttpResponseCodec.java:200)
	at org.openqa.selenium.remote.codec.w3c.W3CHttpResponseCodec.decode(W3CHttpResponseCodec.java:133)
	at org.openqa.selenium.remote.codec.w3c.W3CHttpResponseCodec.decode(W3CHttpResponseCodec.java:52)
	at org.openqa.selenium.remote.HttpCommandExecutor.execute(HttpCommandExecutor.java:191)
	at org.openqa.selenium.remote.service.DriverCommandExecutor.invokeExecute(DriverCommandExecutor.java:196)
	at org.openqa.selenium.remote.service.DriverCommandExecutor.execute(DriverCommandExecutor.java:171)
	at org.openqa.selenium.remote.RemoteWebDriver.execute(RemoteWebDriver.java:602)
	at org.openqa.selenium.remote.RemoteWebElement.execute(RemoteWebElement.java:224)
	at org.openqa.selenium.remote.RemoteWebElement.click(RemoteWebElement.java:77)
	at jdk.internal.reflect.GeneratedMethodAccessor103.invoke(Unknown Source)
	at java.base/jdk.internal.reflect.DelegatingMethodAccessorImpl.invoke(DelegatingMethodAccessorImpl.java:43)
	at java.base/java.lang.reflect.Method.invoke(Method.java:568)
	at org.openqa.selenium.support.pagefactory.internal.LocatingElementHandler.invoke(LocatingElementHandler.java:51)
	at jdk.proxy2/jdk.proxy2.$Proxy34.click(Unknown Source)
	at pageObjects.ExistingMorbidities.ClickonRightarrow(ExistingMorbidities.java:227)
	at stepDefinitions.ExistingMorbiditiesSD.clicks_the_right_arrow_of_existing_morbidities_listbox(ExistingMorbiditiesSD.java:74)
	at ✽.clicks the right arrow of  existing morbidities listbox(file:///Users/archanasawant/Documents/GitHub/Sepsis-Application/src/test/resources/features/03existingMorbidities.feature:21)
</pre></div><a href='#' onClick='toggleBox("stack-trace83296098", this, "Click to show all stack frames", "Click to hide stack frames")'>Click to show all stack frames</a>
<div class='stack-trace' id='stack-trace83296098'><pre>org.openqa.selenium.ElementClickInterceptedException: element click intercepted: Element &lt;path d=&quot;M14 43.7V8.3c0-1 1.3-1.7 2.2-.9l21.2 17.3c.8.6.8 1.9 0 2.5L16.2 44.7c-.9.7-2.2.1-2.2-1z&quot;&gt;&lt;/path&gt; is not clickable at point (514, 53). Other element would receive the click: &lt;lightning-primitive-icon variant=&quot;bare&quot;&gt;&lt;/lightning-primitive-icon&gt;
  (Session info: chrome=119.0.6045.123)
Build info: version: &apos;4.12.0&apos;, revision: &apos;249f2a7d1b*&apos;
System info: os.name: &apos;Mac OS X&apos;, os.arch: &apos;aarch64&apos;, os.version: &apos;12.6&apos;, java.version: &apos;17.0.1&apos;
Driver info: org.openqa.selenium.chrome.ChromeDriver
Command: [897a8454f63d83b797b1fc559746d0af, clickElement {id=FC1D655EF217954E0626B2FED8AF3D89_element_8427}]
Capabilities {acceptInsecureCerts: false, browserName: chrome, browserVersion: 119.0.6045.123, chrome: {chromedriverVersion: 119.0.6045.105 (38c72552c5e..., userDataDir: /var/folders/hp/mjygw40d1y1...}, fedcm:accounts: true, goog:chromeOptions: {debuggerAddress: localhost:55169}, networkConnectionEnabled: false, pageLoadStrategy: normal, platformName: mac, proxy: Proxy(), se:cdp: ws://localhost:55169/devtoo..., se:cdpVersion: 119.0.6045.123, setWindowRect: true, strictFileInteractability: false, timeouts: {implicit: 0, pageLoad: 300000, script: 30000}, unhandledPromptBehavior: dismiss and notify, webauthn:extension:credBlob: true, webauthn:extension:largeBlob: true, webauthn:extension:minPinLength: true, webauthn:extension:prf: true, webauthn:virtualAuthenticators: true}
Element: [[ChromeDriver: chrome on mac (897a8454f63d83b797b1fc559746d0af)] -&gt; xpath: (//*[name()=&apos;path&apos; and contains(@d,&apos;M14 43.7V8&apos;)])[1]]
Session ID: 897a8454f63d83b797b1fc559746d0af
	at java.base/jdk.internal.reflect.NativeConstructorAccessorImpl.newInstance0(Native Method)
	at java.base/jdk.internal.reflect.NativeConstructorAccessorImpl.newInstance(NativeConstructorAccessorImpl.java:77)
	at java.base/jdk.internal.reflect.DelegatingConstructorAccessorImpl.newInstance(DelegatingConstructorAccessorImpl.java:45)
	at java.base/java.lang.reflect.Constructor.newInstanceWithCaller(Constructor.java:499)
	at java.base/java.lang.reflect.Constructor.newInstance(Constructor.java:480)
	at org.openqa.selenium.remote.codec.w3c.W3CHttpResponseCodec.createException(W3CHttpResponseCodec.java:200)
	at org.openqa.selenium.remote.codec.w3c.W3CHttpResponseCodec.decode(W3CHttpResponseCodec.java:133)
	at org.openqa.selenium.remote.codec.w3c.W3CHttpResponseCodec.decode(W3CHttpResponseCodec.java:52)
	at org.openqa.selenium.remote.HttpCommandExecutor.execute(HttpCommandExecutor.java:191)
	at org.openqa.selenium.remote.service.DriverCommandExecutor.invokeExecute(DriverCommandExecutor.java:196)
	at org.openqa.selenium.remote.service.DriverCommandExecutor.execute(DriverCommandExecutor.java:171)
	at org.openqa.selenium.remote.RemoteWebDriver.execute(RemoteWebDriver.java:602)
	at org.openqa.selenium.remote.RemoteWebElement.execute(RemoteWebElement.java:224)
	at org.openqa.selenium.remote.RemoteWebElement.click(RemoteWebElement.java:77)
	at jdk.internal.reflect.GeneratedMethodAccessor103.invoke(Unknown Source)
	at java.base/jdk.internal.reflect.DelegatingMethodAccessorImpl.invoke(DelegatingMethodAccessorImpl.java:43)
	at java.base/java.lang.reflect.Method.invoke(Method.java:568)
	at org.openqa.selenium.support.pagefactory.internal.LocatingElementHandler.invoke(LocatingElementHandler.java:51)
	at jdk.proxy2/jdk.proxy2.$Proxy34.click(Unknown Source)
	at pageObjects.ExistingMorbidities.ClickonRightarrow(ExistingMorbidities.java:227)
	at stepDefinitions.ExistingMorbiditiesSD.clicks_the_right_arrow_of_existing_morbidities_listbox(ExistingMorbiditiesSD.java:74)
	at ✽.clicks the right arrow of  existing morbidities listbox(file:///Users/archanasawant/Documents/GitHub/Sepsis-Application/src/test/resources/features/03existingMorbidities.feature:21)
</pre></div></td>
<td>1</td>
<td>runner.TestRunnertestNG@245b4bdc</td></tr>
<tr>
<td title='runner.TestRunnertestNG.runScenario()'><b>runScenario</b><br>Test class: runner.TestRunnertestNG<br>Test method: Runs Cucumber Scenarios<br>Parameters: "Validating the EmergencyContact", "Validating the New Patient information"</td>
<td><div><pre>org.openqa.selenium.ElementClickInterceptedException: element click intercepted: Element &lt;button lwc-4kb6kaqheak=&quot;&quot; class=&quot;slds-combobox__input slds-input_faux slds-combobox__input-value&quot; id=&quot;combobox-button-400&quot; type=&quot;button&quot; aria-expanded=&quot;false&quot; aria-haspopup=&quot;listbox&quot; role=&quot;combobox&quot; data-value=&quot;--None--&quot; aria-label=&quot;Height In, --None--&quot; aria-required=&quot;false&quot; aria-controls=&quot;dropdown-element-400&quot;&gt;...&lt;/button&gt; is not clickable at point (514, 659). Other element would receive the click: &lt;div class=&quot;modal-container slds-modal__container&quot; data-aura-rendered-by=&quot;1538:0&quot;&gt;...&lt;/div&gt;
  (Session info: chrome=119.0.6045.123)
Build info: version: &apos;4.12.0&apos;, revision: &apos;249f2a7d1b*&apos;
System info: os.name: &apos;Mac OS X&apos;, os.arch: &apos;aarch64&apos;, os.version: &apos;12.6&apos;, java.version: &apos;17.0.1&apos;
Driver info: org.openqa.selenium.chrome.ChromeDriver
Command: [897a8454f63d83b797b1fc559746d0af, clickElement {id=FC1D655EF217954E0626B2FED8AF3D89_element_4999}]
Capabilities {acceptInsecureCerts: false, browserName: chrome, browserVersion: 119.0.6045.123, chrome: {chromedriverVersion: 119.0.6045.105 (38c72552c5e..., userDataDir: /var/folders/hp/mjygw40d1y1...}, fedcm:accounts: true, goog:chromeOptions: {debuggerAddress: localhost:55169}, networkConnectionEnabled: false, pageLoadStrategy: normal, platformName: mac, proxy: Proxy(), se:cdp: ws://localhost:55169/devtoo..., se:cdpVersion: 119.0.6045.123, setWindowRect: true, strictFileInteractability: false, timeouts: {implicit: 0, pageLoad: 300000, script: 30000}, unhandledPromptBehavior: dismiss and notify, webauthn:extension:credBlob: true, webauthn:extension:largeBlob: true, webauthn:extension:minPinLength: true, webauthn:extension:prf: true, webauthn:virtualAuthenticators: true}
Element: [[ChromeDriver: chrome on mac (897a8454f63d83b797b1fc559746d0af)] -&gt; xpath: //button[contains(@aria-label,&apos;Height&apos;)]]
Session ID: 897a8454f63d83b797b1fc559746d0af
	at java.base/jdk.internal.reflect.NativeConstructorAccessorImpl.newInstance0(Native Method)
	at java.base/jdk.internal.reflect.NativeConstructorAccessorImpl.newInstance(NativeConstructorAccessorImpl.java:77)
	at java.base/jdk.internal.reflect.DelegatingConstructorAccessorImpl.newInstance(DelegatingConstructorAccessorImpl.java:45)
	at java.base/java.lang.reflect.Constructor.newInstanceWithCaller(Constructor.java:499)
	at java.base/java.lang.reflect.Constructor.newInstance(Constructor.java:480)
	at org.openqa.selenium.remote.codec.w3c.W3CHttpResponseCodec.createException(W3CHttpResponseCodec.java:200)
	at org.openqa.selenium.remote.codec.w3c.W3CHttpResponseCodec.decode(W3CHttpResponseCodec.java:133)
	at org.openqa.selenium.remote.codec.w3c.W3CHttpResponseCodec.decode(W3CHttpResponseCodec.java:52)
	at org.openqa.selenium.remote.HttpCommandExecutor.execute(HttpCommandExecutor.java:191)
	at org.openqa.selenium.remote.service.DriverCommandExecutor.invokeExecute(DriverCommandExecutor.java:196)
	at org.openqa.selenium.remote.service.DriverCommandExecutor.execute(DriverCommandExecutor.java:171)
	at org.openqa.selenium.remote.RemoteWebDriver.execute(RemoteWebDriver.java:602)
	at org.openqa.selenium.remote.RemoteWebElement.execute(RemoteWebElement.java:224)
	at org.openqa.selenium.remote.RemoteWebElement.click(RemoteWebElement.java:77)
	at java.base/jdk.internal.reflect.NativeMethodAccessorImpl.invoke0(Native Method)
	at java.base/jdk.internal.reflect.NativeMethodAccessorImpl.invoke(NativeMethodAccessorImpl.java:77)
	at java.base/jdk.internal.reflect.DelegatingMethodAccessorImpl.invoke(DelegatingMethodAccessorImpl.java:43)
	at java.base/java.lang.reflect.Method.invoke(Method.java:568)
	at org.openqa.selenium.support.pagefactory.internal.LocatingElementHandler.invoke(LocatingElementHandler.java:51)
	at jdk.proxy2/jdk.proxy2.$Proxy34.click(Unknown Source)
	at pageObjects.PatientObject.medicalHistory(PatientObject.java:218)
	at stepDefinitions.PatientObjectSD.patient_enters_and_on_medical_history(PatientObjectSD.java:74)
	at ✽.Patient enters &quot;12.00&quot; and &quot;60&quot; on medical history(file:///Users/archanasawant/Documents/GitHub/Sepsis-Application/src/test/resources/features/02patientObject.feature:31)
</pre></div><a href='#' onClick='toggleBox("stack-trace817707477", this, "Click to show all stack frames", "Click to hide stack frames")'>Click to show all stack frames</a>
<div class='stack-trace' id='stack-trace817707477'><pre>org.openqa.selenium.ElementClickInterceptedException: element click intercepted: Element &lt;button lwc-4kb6kaqheak=&quot;&quot; class=&quot;slds-combobox__input slds-input_faux slds-combobox__input-value&quot; id=&quot;combobox-button-400&quot; type=&quot;button&quot; aria-expanded=&quot;false&quot; aria-haspopup=&quot;listbox&quot; role=&quot;combobox&quot; data-value=&quot;--None--&quot; aria-label=&quot;Height In, --None--&quot; aria-required=&quot;false&quot; aria-controls=&quot;dropdown-element-400&quot;&gt;...&lt;/button&gt; is not clickable at point (514, 659). Other element would receive the click: &lt;div class=&quot;modal-container slds-modal__container&quot; data-aura-rendered-by=&quot;1538:0&quot;&gt;...&lt;/div&gt;
  (Session info: chrome=119.0.6045.123)
Build info: version: &apos;4.12.0&apos;, revision: &apos;249f2a7d1b*&apos;
System info: os.name: &apos;Mac OS X&apos;, os.arch: &apos;aarch64&apos;, os.version: &apos;12.6&apos;, java.version: &apos;17.0.1&apos;
Driver info: org.openqa.selenium.chrome.ChromeDriver
Command: [897a8454f63d83b797b1fc559746d0af, clickElement {id=FC1D655EF217954E0626B2FED8AF3D89_element_4999}]
Capabilities {acceptInsecureCerts: false, browserName: chrome, browserVersion: 119.0.6045.123, chrome: {chromedriverVersion: 119.0.6045.105 (38c72552c5e..., userDataDir: /var/folders/hp/mjygw40d1y1...}, fedcm:accounts: true, goog:chromeOptions: {debuggerAddress: localhost:55169}, networkConnectionEnabled: false, pageLoadStrategy: normal, platformName: mac, proxy: Proxy(), se:cdp: ws://localhost:55169/devtoo..., se:cdpVersion: 119.0.6045.123, setWindowRect: true, strictFileInteractability: false, timeouts: {implicit: 0, pageLoad: 300000, script: 30000}, unhandledPromptBehavior: dismiss and notify, webauthn:extension:credBlob: true, webauthn:extension:largeBlob: true, webauthn:extension:minPinLength: true, webauthn:extension:prf: true, webauthn:virtualAuthenticators: true}
Element: [[ChromeDriver: chrome on mac (897a8454f63d83b797b1fc559746d0af)] -&gt; xpath: //button[contains(@aria-label,&apos;Height&apos;)]]
Session ID: 897a8454f63d83b797b1fc559746d0af
	at java.base/jdk.internal.reflect.NativeConstructorAccessorImpl.newInstance0(Native Method)
	at java.base/jdk.internal.reflect.NativeConstructorAccessorImpl.newInstance(NativeConstructorAccessorImpl.java:77)
	at java.base/jdk.internal.reflect.DelegatingConstructorAccessorImpl.newInstance(DelegatingConstructorAccessorImpl.java:45)
	at java.base/java.lang.reflect.Constructor.newInstanceWithCaller(Constructor.java:499)
	at java.base/java.lang.reflect.Constructor.newInstance(Constructor.java:480)
	at org.openqa.selenium.remote.codec.w3c.W3CHttpResponseCodec.createException(W3CHttpResponseCodec.java:200)
	at org.openqa.selenium.remote.codec.w3c.W3CHttpResponseCodec.decode(W3CHttpResponseCodec.java:133)
	at org.openqa.selenium.remote.codec.w3c.W3CHttpResponseCodec.decode(W3CHttpResponseCodec.java:52)
	at org.openqa.selenium.remote.HttpCommandExecutor.execute(HttpCommandExecutor.java:191)
	at org.openqa.selenium.remote.service.DriverCommandExecutor.invokeExecute(DriverCommandExecutor.java:196)
	at org.openqa.selenium.remote.service.DriverCommandExecutor.execute(DriverCommandExecutor.java:171)
	at org.openqa.selenium.remote.RemoteWebDriver.execute(RemoteWebDriver.java:602)
	at org.openqa.selenium.remote.RemoteWebElement.execute(RemoteWebElement.java:224)
	at org.openqa.selenium.remote.RemoteWebElement.click(RemoteWebElement.java:77)
	at java.base/jdk.internal.reflect.NativeMethodAccessorImpl.invoke0(Native Method)
	at java.base/jdk.internal.reflect.NativeMethodAccessorImpl.invoke(NativeMethodAccessorImpl.java:77)
	at java.base/jdk.internal.reflect.DelegatingMethodAccessorImpl.invoke(DelegatingMethodAccessorImpl.java:43)
	at java.base/java.lang.reflect.Method.invoke(Method.java:568)
	at org.openqa.selenium.support.pagefactory.internal.LocatingElementHandler.invoke(LocatingElementHandler.java:51)
	at jdk.proxy2/jdk.proxy2.$Proxy34.click(Unknown Source)
	at pageObjects.PatientObject.medicalHistory(PatientObject.java:218)
	at stepDefinitions.PatientObjectSD.patient_enters_and_on_medical_history(PatientObjectSD.java:74)
	at ✽.Patient enters &quot;12.00&quot; and &quot;60&quot; on medical history(file:///Users/archanasawant/Documents/GitHub/Sepsis-Application/src/test/resources/features/02patientObject.feature:31)
</pre></div></td>
<td>1</td>
<td>runner.TestRunnertestNG@245b4bdc</td></tr>
</table><p>
>>>>>>> faeca2a52a1cb635132acde4cc128ebf99e10bc7
<table width='100%' border='1' class='invocation-passed'>
<tr><td colspan='4' align='center'><b>PASSED TESTS</b></td></tr>
<tr><td><b>Test method</b></td>
<td width="30%"><b>Exception</b></td>
<td width="10%"><b>Time (seconds)</b></td>
<td><b>Instance</b></td>
</tr>
<tr>
<<<<<<< HEAD
<td title='runner.TestRunnertestNG.runScenario()'><b>runScenario</b><br>Test class: runner.TestRunnertestNG<br>Test method: Runs Cucumber Scenarios<br>Parameters: "Validate selecting Family History left arrow from chosen to available", "Validitate Existing Morbidities"</td>
<td></td>
<td>0</td>
<td>runner.TestRunnertestNG@5b7a5baa</td></tr>
=======
<td title='runner.TestRunnertestNG.runScenario()'><b>runScenario</b><br>Test class: runner.TestRunnertestNG<br>Test method: Runs Cucumber Scenarios<br>Parameters: "Validate the International Travel Checkbox", "Validitate Existing Morbidities"</td>
<td></td>
<td>0</td>
<td>runner.TestRunnertestNG@245b4bdc</td></tr>
>>>>>>> faeca2a52a1cb635132acde4cc128ebf99e10bc7
<tr>
<td title='runner.TestRunnertestNG.runScenario()'><b>runScenario</b><br>Test class: runner.TestRunnertestNG<br>Test method: Runs Cucumber Scenarios<br>Parameters: "Validate selecting Physical fitness options from available to chosen", "Validitate Existing Morbidities"</td>
<td></td>
<td>0</td>
<<<<<<< HEAD
<td>runner.TestRunnertestNG@5b7a5baa</td></tr>
<tr>
<td title='runner.TestRunnertestNG.runScenario()'><b>runScenario</b><br>Test class: runner.TestRunnertestNG<br>Test method: Runs Cucumber Scenarios<br>Parameters: "Validate the Undo button on Existing Morbidities", "Validitate Existing Morbidities"</td>
<td></td>
<td>0</td>
<td>runner.TestRunnertestNG@5b7a5baa</td></tr>
<tr>
<td title='runner.TestRunnertestNG.runScenario()'><b>runScenario</b><br>Test class: runner.TestRunnertestNG<br>Test method: Runs Cucumber Scenarios<br>Parameters: "Validate the Other textbox in Existing Infections", "Validitate Existing Morbidities"</td>
<td></td>
<td>0</td>
<td>runner.TestRunnertestNG@5b7a5baa</td></tr>
<tr>
<td title='runner.TestRunnertestNG.runScenario()'><b>runScenario</b><br>Test class: runner.TestRunnertestNG<br>Test method: Runs Cucumber Scenarios<br>Parameters: "Validate loginPage", "SalesforceLoginSepsisapp"</td>
<td></td>
<td>15</td>
<td>runner.TestRunnertestNG@5b7a5baa</td></tr>
<tr>
<td title='runner.TestRunnertestNG.runScenario()'><b>runScenario</b><br>Test class: runner.TestRunnertestNG<br>Test method: Runs Cucumber Scenarios<br>Parameters: "Validating the EmergencyContact", "Validating the New Patient information"</td>
<td></td>
<td>1</td>
<td>runner.TestRunnertestNG@5b7a5baa</td></tr>
<tr>
<td title='runner.TestRunnertestNG.runScenario()'><b>runScenario</b><br>Test class: runner.TestRunnertestNG<br>Test method: Runs Cucumber Scenarios<br>Parameters: "Validate Fitness Frequency DropDown", "Validitate Existing Morbidities"</td>
<td></td>
<td>0</td>
<td>runner.TestRunnertestNG@5b7a5baa</td></tr>
<tr>
<td title='runner.TestRunnertestNG.runScenario()'><b>runScenario</b><br>Test class: runner.TestRunnertestNG<br>Test method: Runs Cucumber Scenarios<br>Parameters: "Validating the ProviderInformation", "Validating the New Patient information"</td>
<td></td>
<td>1</td>
<td>runner.TestRunnertestNG@5b7a5baa</td></tr>
<tr>
<td title='runner.TestRunnertestNG.runScenario()'><b>runScenario</b><br>Test class: runner.TestRunnertestNG<br>Test method: Runs Cucumber Scenarios<br>Parameters: "Validate selecting Family History options more than one from available to chosen", "Validitate Existing Morbidities"</td>
<td></td>
<td>0</td>
<td>runner.TestRunnertestNG@5b7a5baa</td></tr>
<tr>
<td title='runner.TestRunnertestNG.runScenario()'><b>runScenario</b><br>Test class: runner.TestRunnertestNG<br>Test method: Runs Cucumber Scenarios<br>Parameters: "Validate Immunization DropDown", "Validitate Existing Morbidities"</td>
<td></td>
<td>0</td>
<td>runner.TestRunnertestNG@5b7a5baa</td></tr>
<tr>
<td title='runner.TestRunnertestNG.runScenario()'><b>runScenario</b><br>Test class: runner.TestRunnertestNG<br>Test method: Runs Cucumber Scenarios<br>Parameters: "Validate the International Travel Checkbox", "Validitate Existing Morbidities"</td>
<td></td>
<td>0</td>
<td>runner.TestRunnertestNG@5b7a5baa</td></tr>
=======
<td>runner.TestRunnertestNG@245b4bdc</td></tr>
<tr>
<td title='runner.TestRunnertestNG.runScenario()'><b>runScenario</b><br>Test class: runner.TestRunnertestNG<br>Test method: Runs Cucumber Scenarios<br>Parameters: "Validate Heart Rate", "Validating Medication and Vitals Information"</td>
<td></td>
<td>0</td>
<td>runner.TestRunnertestNG@245b4bdc</td></tr>
>>>>>>> faeca2a52a1cb635132acde4cc128ebf99e10bc7
<tr>
<td title='runner.TestRunnertestNG.runScenario()'><b>runScenario</b><br>Test class: runner.TestRunnertestNG<br>Test method: Runs Cucumber Scenarios<br>Parameters: "Validate Existing Morbidities available to chosen", "Validitate Existing Morbidities"</td>
<td></td>
<td>0</td>
<<<<<<< HEAD
<td>runner.TestRunnertestNG@5b7a5baa</td></tr>
<tr>
<td title='runner.TestRunnertestNG.runScenario()'><b>runScenario</b><br>Test class: runner.TestRunnertestNG<br>Test method: Runs Cucumber Scenarios<br>Parameters: "Validate the Other textbox", "Validitate Existing Morbidities"</td>
<td></td>
<td>0</td>
<td>runner.TestRunnertestNG@5b7a5baa</td></tr>
<tr>
<td title='runner.TestRunnertestNG.runScenario()'><b>runScenario</b><br>Test class: runner.TestRunnertestNG<br>Test method: Runs Cucumber Scenarios<br>Parameters: "Validate selecting Habits options from available to chosen", "Validitate Existing Morbidities"</td>
<td></td>
<td>0</td>
<td>runner.TestRunnertestNG@5b7a5baa</td></tr>
=======
<td>runner.TestRunnertestNG@245b4bdc</td></tr>
<tr>
<td title='runner.TestRunnertestNG.runScenario()'><b>runScenario</b><br>Test class: runner.TestRunnertestNG<br>Test method: Runs Cucumber Scenarios<br>Parameters: "Validate Glucose", "Validating Medication and Vitals Information"</td>
<td></td>
<td>0</td>
<td>runner.TestRunnertestNG@245b4bdc</td></tr>
<tr>
<td title='runner.TestRunnertestNG.runScenario()'><b>runScenario</b><br>Test class: runner.TestRunnertestNG<br>Test method: Runs Cucumber Scenarios<br>Parameters: "Validate the Undo button on Existing Morbidities", "Validitate Existing Morbidities"</td>
<td></td>
<td>0</td>
<td>runner.TestRunnertestNG@245b4bdc</td></tr>
>>>>>>> faeca2a52a1cb635132acde4cc128ebf99e10bc7
<tr>
<td title='runner.TestRunnertestNG.runScenario()'><b>runScenario</b><br>Test class: runner.TestRunnertestNG<br>Test method: Runs Cucumber Scenarios<br>Parameters: "Validate the Surgeries Checkbox", "Validitate Existing Morbidities"</td>
<td></td>
<td>0</td>
<<<<<<< HEAD
<td>runner.TestRunnertestNG@5b7a5baa</td></tr>
<tr>
<td title='runner.TestRunnertestNG.runScenario()'><b>runScenario</b><br>Test class: runner.TestRunnertestNG<br>Test method: Runs Cucumber Scenarios<br>Parameters: "Validating the EmergencyContact", "Validating the New Patient information"</td>
<td></td>
<td>1</td>
<td>runner.TestRunnertestNG@5b7a5baa</td></tr>
<tr>
<td title='runner.TestRunnertestNG.runScenario()'><b>runScenario</b><br>Test class: runner.TestRunnertestNG<br>Test method: Runs Cucumber Scenarios<br>Parameters: "Validating the PersonalInfo", "Validating the New Patient information"</td>
<td></td>
<td>1</td>
<td>runner.TestRunnertestNG@5b7a5baa</td></tr>
=======
<td>runner.TestRunnertestNG@245b4bdc</td></tr>
>>>>>>> faeca2a52a1cb635132acde4cc128ebf99e10bc7
<tr>
<td title='runner.TestRunnertestNG.runScenario()'><b>runScenario</b><br>Test class: runner.TestRunnertestNG<br>Test method: Runs Cucumber Scenarios<br>Parameters: "Validate the Other textbox in Existing Infections", "Validitate Existing Morbidities"</td>
<td></td>
<td>0</td>
<<<<<<< HEAD
<td>runner.TestRunnertestNG@5b7a5baa</td></tr>
=======
<td>runner.TestRunnertestNG@245b4bdc</td></tr>
<tr>
<td title='runner.TestRunnertestNG.runScenario()'><b>runScenario</b><br>Test class: runner.TestRunnertestNG<br>Test method: Runs Cucumber Scenarios<br>Parameters: "Validate Respiratory Rate", "Validating Medication and Vitals Information"</td>
<td></td>
<td>0</td>
<td>runner.TestRunnertestNG@245b4bdc</td></tr>
<tr>
<td title='runner.TestRunnertestNG.runScenario()'><b>runScenario</b><br>Test class: runner.TestRunnertestNG<br>Test method: Runs Cucumber Scenarios<br>Parameters: "Validating the PersonalInfo", "Validating the New Patient information"</td>
<td></td>
<td>0</td>
<td>runner.TestRunnertestNG@245b4bdc</td></tr>
<tr>
<td title='runner.TestRunnertestNG.runScenario()'><b>runScenario</b><br>Test class: runner.TestRunnertestNG<br>Test method: Runs Cucumber Scenarios<br>Parameters: "Validate selecting Family History options more than one from available to chosen", "Validitate Existing Morbidities"</td>
<td></td>
<td>0</td>
<td>runner.TestRunnertestNG@245b4bdc</td></tr>
<tr>
<td title='runner.TestRunnertestNG.runScenario()'><b>runScenario</b><br>Test class: runner.TestRunnertestNG<br>Test method: Runs Cucumber Scenarios<br>Parameters: "Validate BP", "Validating Medication and Vitals Information"</td>
<td></td>
<td>0</td>
<td>runner.TestRunnertestNG@245b4bdc</td></tr>
<tr>
<td title='runner.TestRunnertestNG.runScenario()'><b>runScenario</b><br>Test class: runner.TestRunnertestNG<br>Test method: Runs Cucumber Scenarios<br>Parameters: "Validate Immunization DropDown", "Validitate Existing Morbidities"</td>
<td></td>
<td>0</td>
<td>runner.TestRunnertestNG@245b4bdc</td></tr>
<tr>
<td title='runner.TestRunnertestNG.runScenario()'><b>runScenario</b><br>Test class: runner.TestRunnertestNG<br>Test method: Runs Cucumber Scenarios<br>Parameters: "Validate WBC", "Validating Medication and Vitals Information"</td>
<td></td>
<td>0</td>
<td>runner.TestRunnertestNG@245b4bdc</td></tr>
<tr>
<td title='runner.TestRunnertestNG.runScenario()'><b>runScenario</b><br>Test class: runner.TestRunnertestNG<br>Test method: Runs Cucumber Scenarios<br>Parameters: "Validate loginPage", "SalesforceLoginSepsisapp"</td>
<td></td>
<td>12</td>
<td>runner.TestRunnertestNG@245b4bdc</td></tr>
<tr>
<td title='runner.TestRunnertestNG.runScenario()'><b>runScenario</b><br>Test class: runner.TestRunnertestNG<br>Test method: Runs Cucumber Scenarios<br>Parameters: "The Patient is logged in to Saleforce app(Sepsis)", "Validating Medication and Vitals Information"</td>
<td></td>
<td>0</td>
<td>runner.TestRunnertestNG@245b4bdc</td></tr>
<tr>
<td title='runner.TestRunnertestNG.runScenario()'><b>runScenario</b><br>Test class: runner.TestRunnertestNG<br>Test method: Runs Cucumber Scenarios<br>Parameters: "Validate selecting Family History left arrow from chosen to available", "Validitate Existing Morbidities"</td>
<td></td>
<td>0</td>
<td>runner.TestRunnertestNG@245b4bdc</td></tr>
<tr>
<td title='runner.TestRunnertestNG.runScenario()'><b>runScenario</b><br>Test class: runner.TestRunnertestNG<br>Test method: Runs Cucumber Scenarios<br>Parameters: "Validate Fitness Frequency DropDown", "Validitate Existing Morbidities"</td>
<td></td>
<td>0</td>
<td>runner.TestRunnertestNG@245b4bdc</td></tr>
<tr>
<td title='runner.TestRunnertestNG.runScenario()'><b>runScenario</b><br>Test class: runner.TestRunnertestNG<br>Test method: Runs Cucumber Scenarios<br>Parameters: "Validating the ProviderInformation", "Validating the New Patient information"</td>
<td></td>
<td>0</td>
<td>runner.TestRunnertestNG@245b4bdc</td></tr>
<tr>
<td title='runner.TestRunnertestNG.runScenario()'><b>runScenario</b><br>Test class: runner.TestRunnertestNG<br>Test method: Runs Cucumber Scenarios<br>Parameters: "Validate Temperature", "Validating Medication and Vitals Information"</td>
<td></td>
<td>0</td>
<td>runner.TestRunnertestNG@245b4bdc</td></tr>
<tr>
<td title='runner.TestRunnertestNG.runScenario()'><b>runScenario</b><br>Test class: runner.TestRunnertestNG<br>Test method: Runs Cucumber Scenarios<br>Parameters: "Validate the Allergy Checkbox", "Validitate Existing Morbidities"</td>
<td></td>
<td>0</td>
<td>runner.TestRunnertestNG@245b4bdc</td></tr>
<tr>
<td title='runner.TestRunnertestNG.runScenario()'><b>runScenario</b><br>Test class: runner.TestRunnertestNG<br>Test method: Runs Cucumber Scenarios<br>Parameters: "Validating the EmergencyContact", "Validating the New Patient information"</td>
<td></td>
<td>0</td>
<td>runner.TestRunnertestNG@245b4bdc</td></tr>
<tr>
<td title='runner.TestRunnertestNG.runScenario()'><b>runScenario</b><br>Test class: runner.TestRunnertestNG<br>Test method: Runs Cucumber Scenarios<br>Parameters: "Validate selecting Habits options from available to chosen", "Validitate Existing Morbidities"</td>
<td></td>
<td>0</td>
<td>runner.TestRunnertestNG@245b4bdc</td></tr>
<tr>
<td title='runner.TestRunnertestNG.runScenario()'><b>runScenario</b><br>Test class: runner.TestRunnertestNG<br>Test method: Runs Cucumber Scenarios<br>Parameters: "Validate Glucose Value", "Validating Medication and Vitals Information"</td>
<td></td>
<td>0</td>
<td>runner.TestRunnertestNG@245b4bdc</td></tr>
>>>>>>> faeca2a52a1cb635132acde4cc128ebf99e10bc7
</table><p>
</body>
</html>