<?xml version="1.0" encoding="UTF-8"?>
<!-- Generated by org.testng.reporters.JUnitXMLReporter -->
<testsuite ignored="0" hostname="LAPTOP-68FQM03A" failures="1" tests="19" name="Testonmychrome" time="132.978" errors="0" timestamp="2023-10-17T17:07:05 EDT">
  <testcase classname="crossBrowser.CrossBrowserQueueTesting" name="login" time="3.355"/>
  <testcase classname="crossBrowser.CrossBrowserQueueTesting" name="QueuePage" time="3.531"/>
  <testcase classname="crossBrowser.CrossBrowserQueueTesting" name="pythonQueueImplmentationPage" time="2.424"/>
  <testcase classname="crossBrowser.CrossBrowserQueueTesting" name="tryHerePythonImplmentation" time="3.91"/>
  <testcase classname="crossBrowser.CrossBrowserQueueTesting" name="ErrormsgOnPythonImplmentation" time="4.143"/>
  <testcase classname="crossBrowser.CrossBrowserQueueTesting" name="PrintmsgOnPythonImplmentation" time="4.54"/>
  <testcase classname="crossBrowser.CrossBrowserQueueTesting" name="DequePage" time="2.391"/>
  <testcase classname="crossBrowser.CrossBrowserQueueTesting" name="tryHereDeque" time="4.062"/>
  <testcase classname="crossBrowser.CrossBrowserQueueTesting" name="ErrormsgOnDeque" time="3.049"/>
  <testcase classname="crossBrowser.CrossBrowserQueueTesting" name="PrintmsgOnDeque" time="4.22"/>
  <testcase classname="crossBrowser.CrossBrowserQueueTesting" name="OnImplementationArrayPage" time="3.272"/>
  <testcase classname="crossBrowser.CrossBrowserQueueTesting" name="tryHereOnImplementationArray" time="3.659"/>
  <testcase classname="crossBrowser.CrossBrowserQueueTesting" name="ErrormsgOnPrintmsgOnImplementationArray" time="5.673"/>
  <testcase classname="crossBrowser.CrossBrowserQueueTesting" name="PrintmsgOnImplementationArray" time="3.101"/>
  <testcase classname="crossBrowser.CrossBrowserQueueTesting" name="QueueOperationsPage" time="2.811"/>
  <testcase classname="crossBrowser.CrossBrowserQueueTesting" name="tryHereOnQueueOperations" time="3.774"/>
  <testcase classname="crossBrowser.CrossBrowserQueueTesting" name="ErrormsgOnQueueOperations" time="4.75"/>
  <testcase classname="crossBrowser.CrossBrowserQueueTesting" name="PrintmsgOnQueueOperations" time="4.571"/>
  <testcase classname="crossBrowser.CrossBrowserQueueTesting" name="PracticePage" time="2.643">
    <failure type="org.openqa.selenium.NoSuchElementException" message="no such element: Unable to locate element: {&amp;quot;method&amp;quot;:&amp;quot;xpath&amp;quot;,&amp;quot;selector&amp;quot;:&amp;quot;//a[contains(text(),&amp;apos;Practice Questions&amp;apos;)]&amp;quot;}
  (Session info: chrome=118.0.5993.71)
For documentation on this error, please visit: https://www.selenium.dev/documentation/webdriver/troubleshooting/errors#no-such-element-exception
Build info: version: &amp;apos;4.11.0&amp;apos;, revision: &amp;apos;040bc5406b&amp;apos;
System info: os.name: &amp;apos;Windows 11&amp;apos;, os.arch: &amp;apos;amd64&amp;apos;, os.version: &amp;apos;10.0&amp;apos;, java.version: &amp;apos;17.0.8&amp;apos;
Driver info: org.openqa.selenium.chrome.ChromeDriver
Command: [5aa7320f840c16daa2c7ed0db248cdab, findElement {using=xpath, value=//a[contains(text(),&amp;apos;Practice Questions&amp;apos;)]}]
Capabilities {acceptInsecureCerts: false, browserName: chrome, browserVersion: 118.0.5993.71, chrome: {chromedriverVersion: 118.0.5993.70 (e52f33f30b91..., userDataDir: C:\Users\sheet\AppData\Loca...}, fedcm:accounts: true, goog:chromeOptions: {debuggerAddress: localhost:56370}, networkConnectionEnabled: false, pageLoadStrategy: normal, platformName: windows, proxy: Proxy(), se:cdp: ws://localhost:56370/devtoo..., se:cdpVersion: 118.0.5993.71, setWindowRect: true, strictFileInteractability: false, timeouts: {implicit: 0, pageLoad: 300000, script: 30000}, unhandledPromptBehavior: dismiss and notify, webauthn:extension:credBlob: true, webauthn:extension:largeBlob: true, webauthn:extension:minPinLength: true, webauthn:extension:prf: true, webauthn:virtualAuthenticators: true}
Session ID: 5aa7320f840c16daa2c7ed0db248cdab">
      <![CDATA[org.openqa.selenium.NoSuchElementException: no such element: Unable to locate element: {"method":"xpath","selector":"//a[contains(text(),'Practice Questions')]"}
  (Session info: chrome=118.0.5993.71)
For documentation on this error, please visit: https://www.selenium.dev/documentation/webdriver/troubleshooting/errors#no-such-element-exception
Build info: version: '4.11.0', revision: '040bc5406b'
System info: os.name: 'Windows 11', os.arch: 'amd64', os.version: '10.0', java.version: '17.0.8'
Driver info: org.openqa.selenium.chrome.ChromeDriver
Command: [5aa7320f840c16daa2c7ed0db248cdab, findElement {using=xpath, value=//a[contains(text(),'Practice Questions')]}]
Capabilities {acceptInsecureCerts: false, browserName: chrome, browserVersion: 118.0.5993.71, chrome: {chromedriverVersion: 118.0.5993.70 (e52f33f30b91..., userDataDir: C:\Users\sheet\AppData\Loca...}, fedcm:accounts: true, goog:chromeOptions: {debuggerAddress: localhost:56370}, networkConnectionEnabled: false, pageLoadStrategy: normal, platformName: windows, proxy: Proxy(), se:cdp: ws://localhost:56370/devtoo..., se:cdpVersion: 118.0.5993.71, setWindowRect: true, strictFileInteractability: false, timeouts: {implicit: 0, pageLoad: 300000, script: 30000}, unhandledPromptBehavior: dismiss and notify, webauthn:extension:credBlob: true, webauthn:extension:largeBlob: true, webauthn:extension:minPinLength: true, webauthn:extension:prf: true, webauthn:virtualAuthenticators: true}
Session ID: 5aa7320f840c16daa2c7ed0db248cdab
at org.openqa.selenium.remote.codec.w3c.W3CHttpResponseCodec.createException(W3CHttpResponseCodec.java:200)
at org.openqa.selenium.remote.codec.w3c.W3CHttpResponseCodec.decode(W3CHttpResponseCodec.java:133)
at org.openqa.selenium.remote.codec.w3c.W3CHttpResponseCodec.decode(W3CHttpResponseCodec.java:52)
at org.openqa.selenium.remote.HttpCommandExecutor.execute(HttpCommandExecutor.java:191)
at org.openqa.selenium.remote.service.DriverCommandExecutor.invokeExecute(DriverCommandExecutor.java:196)
at org.openqa.selenium.remote.service.DriverCommandExecutor.execute(DriverCommandExecutor.java:171)
at org.openqa.selenium.remote.RemoteWebDriver.execute(RemoteWebDriver.java:518)
at org.openqa.selenium.remote.ElementLocation$ElementFinder$2.findElement(ElementLocation.java:165)
at org.openqa.selenium.remote.ElementLocation.findElement(ElementLocation.java:59)
at org.openqa.selenium.remote.RemoteWebDriver.findElement(RemoteWebDriver.java:355)
at org.openqa.selenium.remote.RemoteWebDriver.findElement(RemoteWebDriver.java:349)
at crossBrowser.CrossBrowserQueueTesting.PracticePage(CrossBrowserQueueTesting.java:550)
at java.base/java.util.ArrayList.forEach(ArrayList.java:1511)
at java.base/java.util.concurrent.FutureTask.run(FutureTask.java:264)
at java.base/java.util.concurrent.ThreadPoolExecutor.runWorker(ThreadPoolExecutor.java:1136)
at java.base/java.util.concurrent.ThreadPoolExecutor$Worker.run(ThreadPoolExecutor.java:635)
at java.base/java.lang.Thread.run(Thread.java:833)
... Removed 23 stack frames]]>
    </failure>
  </testcase> <!-- PracticePage -->
</testsuite> <!-- Testonmychrome -->
