{"uuid":"462d0204-369d-46c9-921c-0bca73b17a83","historyId":"53cd59c220eef40ff45e92807613fba1","fullName":"src/test/resources/features/02patientObject.feature:37","labels":[{"name":"tag","value":"NewPatientInformation"},{"name":"tag","value":"TS_01_ValidateMedicalHistory"},{"name":"host","value":"Archanas-Air.phub.net.cable.rogers.com"},{"name":"thread","value":"48675@Archanas-Air.phub.net.cable.rogers.com.main(1)"},{"name":"feature","value":"Validating the New Patient information"},{"name":"story","value":"Validating the EmergencyContact"},{"name":"suite","value":"Validating the New Patient information"},{"name":"testClass","value":"Validating the EmergencyContact"},{"name":"framework","value":"cucumber4jvm"},{"name":"language","value":"java"},{"name":"gherkin_uri","value":"file:///Users/archanasawant/Documents/GitHub/Sepsis-Application/src/test/resources/features/02patientObject.feature"},{"name":"package","value":"src.test.resources.features.02patientObject_feature.Validating the New Patient information"}],"links":[],"name":"Validating the EmergencyContact","status":"broken","statusDetails":{"known":false,"muted":false,"flaky":false,"message":"element click intercepted: Element <button lwc-4kb6kaqheak=\"\" class=\"slds-combobox__input slds-input_faux slds-combobox__input-value\" id=\"combobox-button-400\" type=\"button\" aria-expanded=\"false\" aria-haspopup=\"listbox\" role=\"combobox\" data-value=\"--None--\" aria-label=\"Height In, --None--\" aria-required=\"false\" aria-controls=\"dropdown-element-400\">...</button> is not clickable at point (514, 659). Other element would receive the click: <div class=\"modal-container slds-modal__container\" data-aura-rendered-by=\"1538:0\">...</div>\n  (Session info: chrome=119.0.6045.123)\nBuild info: version: '4.12.0', revision: '249f2a7d1b*'\nSystem info: os.name: 'Mac OS X', os.arch: 'aarch64', os.version: '12.6', java.version: '17.0.1'\nDriver info: org.openqa.selenium.chrome.ChromeDriver\nCommand: [897a8454f63d83b797b1fc559746d0af, clickElement {id=FC1D655EF217954E0626B2FED8AF3D89_element_4999}]\nCapabilities {acceptInsecureCerts: false, browserName: chrome, browserVersion: 119.0.6045.123, chrome: {chromedriverVersion: 119.0.6045.105 (38c72552c5e..., userDataDir: /var/folders/hp/mjygw40d1y1...}, fedcm:accounts: true, goog:chromeOptions: {debuggerAddress: localhost:55169}, networkConnectionEnabled: false, pageLoadStrategy: normal, platformName: mac, proxy: Proxy(), se:cdp: ws://localhost:55169/devtoo..., se:cdpVersion: 119.0.6045.123, setWindowRect: true, strictFileInteractability: false, timeouts: {implicit: 0, pageLoad: 300000, script: 30000}, unhandledPromptBehavior: dismiss and notify, webauthn:extension:credBlob: true, webauthn:extension:largeBlob: true, webauthn:extension:minPinLength: true, webauthn:extension:prf: true, webauthn:virtualAuthenticators: true}\nElement: [[ChromeDriver: chrome on mac (897a8454f63d83b797b1fc559746d0af)] -> xpath: //button[contains(@aria-label,'Height')]]\nSession ID: 897a8454f63d83b797b1fc559746d0af","trace":"org.openqa.selenium.ElementClickInterceptedException: element click intercepted: Element <button lwc-4kb6kaqheak=\"\" class=\"slds-combobox__input slds-input_faux slds-combobox__input-value\" id=\"combobox-button-400\" type=\"button\" aria-expanded=\"false\" aria-haspopup=\"listbox\" role=\"combobox\" data-value=\"--None--\" aria-label=\"Height In, --None--\" aria-required=\"false\" aria-controls=\"dropdown-element-400\">...</button> is not clickable at point (514, 659). Other element would receive the click: <div class=\"modal-container slds-modal__container\" data-aura-rendered-by=\"1538:0\">...</div>\n  (Session info: chrome=119.0.6045.123)\nBuild info: version: '4.12.0', revision: '249f2a7d1b*'\nSystem info: os.name: 'Mac OS X', os.arch: 'aarch64', os.version: '12.6', java.version: '17.0.1'\nDriver info: org.openqa.selenium.chrome.ChromeDriver\nCommand: [897a8454f63d83b797b1fc559746d0af, clickElement {id=FC1D655EF217954E0626B2FED8AF3D89_element_4999}]\nCapabilities {acceptInsecureCerts: false, browserName: chrome, browserVersion: 119.0.6045.123, chrome: {chromedriverVersion: 119.0.6045.105 (38c72552c5e..., userDataDir: /var/folders/hp/mjygw40d1y1...}, fedcm:accounts: true, goog:chromeOptions: {debuggerAddress: localhost:55169}, networkConnectionEnabled: false, pageLoadStrategy: normal, platformName: mac, proxy: Proxy(), se:cdp: ws://localhost:55169/devtoo..., se:cdpVersion: 119.0.6045.123, setWindowRect: true, strictFileInteractability: false, timeouts: {implicit: 0, pageLoad: 300000, script: 30000}, unhandledPromptBehavior: dismiss and notify, webauthn:extension:credBlob: true, webauthn:extension:largeBlob: true, webauthn:extension:minPinLength: true, webauthn:extension:prf: true, webauthn:virtualAuthenticators: true}\nElement: [[ChromeDriver: chrome on mac (897a8454f63d83b797b1fc559746d0af)] -> xpath: //button[contains(@aria-label,'Height')]]\nSession ID: 897a8454f63d83b797b1fc559746d0af\n\tat java.base/jdk.internal.reflect.NativeConstructorAccessorImpl.newInstance0(Native Method)\n\tat java.base/jdk.internal.reflect.NativeConstructorAccessorImpl.newInstance(NativeConstructorAccessorImpl.java:77)\n\tat java.base/jdk.internal.reflect.DelegatingConstructorAccessorImpl.newInstance(DelegatingConstructorAccessorImpl.java:45)\n\tat java.base/java.lang.reflect.Constructor.newInstanceWithCaller(Constructor.java:499)\n\tat java.base/java.lang.reflect.Constructor.newInstance(Constructor.java:480)\n\tat org.openqa.selenium.remote.codec.w3c.W3CHttpResponseCodec.createException(W3CHttpResponseCodec.java:200)\n\tat org.openqa.selenium.remote.codec.w3c.W3CHttpResponseCodec.decode(W3CHttpResponseCodec.java:133)\n\tat org.openqa.selenium.remote.codec.w3c.W3CHttpResponseCodec.decode(W3CHttpResponseCodec.java:52)\n\tat org.openqa.selenium.remote.HttpCommandExecutor.execute(HttpCommandExecutor.java:191)\n\tat org.openqa.selenium.remote.service.DriverCommandExecutor.invokeExecute(DriverCommandExecutor.java:196)\n\tat org.openqa.selenium.remote.service.DriverCommandExecutor.execute(DriverCommandExecutor.java:171)\n\tat org.openqa.selenium.remote.RemoteWebDriver.execute(RemoteWebDriver.java:602)\n\tat org.openqa.selenium.remote.RemoteWebElement.execute(RemoteWebElement.java:224)\n\tat org.openqa.selenium.remote.RemoteWebElement.click(RemoteWebElement.java:77)\n\tat java.base/jdk.internal.reflect.NativeMethodAccessorImpl.invoke0(Native Method)\n\tat java.base/jdk.internal.reflect.NativeMethodAccessorImpl.invoke(NativeMethodAccessorImpl.java:77)\n\tat java.base/jdk.internal.reflect.DelegatingMethodAccessorImpl.invoke(DelegatingMethodAccessorImpl.java:43)\n\tat java.base/java.lang.reflect.Method.invoke(Method.java:568)\n\tat org.openqa.selenium.support.pagefactory.internal.LocatingElementHandler.invoke(LocatingElementHandler.java:51)\n\tat jdk.proxy2/jdk.proxy2.$Proxy34.click(Unknown Source)\n\tat pageObjects.PatientObject.medicalHistory(PatientObject.java:218)\n\tat stepDefinitions.PatientObjectSD.patient_enters_and_on_medical_history(PatientObjectSD.java:74)\n\tat ✽.Patient enters \"12.00\" and \"60\" on medical history(file:///Users/archanasawant/Documents/GitHub/Sepsis-Application/src/test/resources/features/02patientObject.feature:31)\n"},"stage":"finished","steps":[{"name":"Given  Patient is on same patient form","status":"passed","statusDetails":{"known":false,"muted":false,"flaky":false},"stage":"finished","steps":[],"attachments":[],"parameters":[],"start":1700074084429,"stop":1700074084430},{"name":"When  Patient enters \"12.00\" and \"60\" on medical history","status":"broken","statusDetails":{"known":false,"muted":false,"flaky":false,"message":"element click intercepted: Element <button lwc-4kb6kaqheak=\"\" class=\"slds-combobox__input slds-input_faux slds-combobox__input-value\" id=\"combobox-button-400\" type=\"button\" aria-expanded=\"false\" aria-haspopup=\"listbox\" role=\"combobox\" data-value=\"--None--\" aria-label=\"Height In, --None--\" aria-required=\"false\" aria-controls=\"dropdown-element-400\">...</button> is not clickable at point (514, 659). Other element would receive the click: <div class=\"modal-container slds-modal__container\" data-aura-rendered-by=\"1538:0\">...</div>\n  (Session info: chrome=119.0.6045.123)\nBuild info: version: '4.12.0', revision: '249f2a7d1b*'\nSystem info: os.name: 'Mac OS X', os.arch: 'aarch64', os.version: '12.6', java.version: '17.0.1'\nDriver info: org.openqa.selenium.chrome.ChromeDriver\nCommand: [897a8454f63d83b797b1fc559746d0af, clickElement {id=FC1D655EF217954E0626B2FED8AF3D89_element_4999}]\nCapabilities {acceptInsecureCerts: false, browserName: chrome, browserVersion: 119.0.6045.123, chrome: {chromedriverVersion: 119.0.6045.105 (38c72552c5e..., userDataDir: /var/folders/hp/mjygw40d1y1...}, fedcm:accounts: true, goog:chromeOptions: {debuggerAddress: localhost:55169}, networkConnectionEnabled: false, pageLoadStrategy: normal, platformName: mac, proxy: Proxy(), se:cdp: ws://localhost:55169/devtoo..., se:cdpVersion: 119.0.6045.123, setWindowRect: true, strictFileInteractability: false, timeouts: {implicit: 0, pageLoad: 300000, script: 30000}, unhandledPromptBehavior: dismiss and notify, webauthn:extension:credBlob: true, webauthn:extension:largeBlob: true, webauthn:extension:minPinLength: true, webauthn:extension:prf: true, webauthn:virtualAuthenticators: true}\nElement: [[ChromeDriver: chrome on mac (897a8454f63d83b797b1fc559746d0af)] -> xpath: //button[contains(@aria-label,'Height')]]\nSession ID: 897a8454f63d83b797b1fc559746d0af","trace":"org.openqa.selenium.ElementClickInterceptedException: element click intercepted: Element <button lwc-4kb6kaqheak=\"\" class=\"slds-combobox__input slds-input_faux slds-combobox__input-value\" id=\"combobox-button-400\" type=\"button\" aria-expanded=\"false\" aria-haspopup=\"listbox\" role=\"combobox\" data-value=\"--None--\" aria-label=\"Height In, --None--\" aria-required=\"false\" aria-controls=\"dropdown-element-400\">...</button> is not clickable at point (514, 659). Other element would receive the click: <div class=\"modal-container slds-modal__container\" data-aura-rendered-by=\"1538:0\">...</div>\n  (Session info: chrome=119.0.6045.123)\nBuild info: version: '4.12.0', revision: '249f2a7d1b*'\nSystem info: os.name: 'Mac OS X', os.arch: 'aarch64', os.version: '12.6', java.version: '17.0.1'\nDriver info: org.openqa.selenium.chrome.ChromeDriver\nCommand: [897a8454f63d83b797b1fc559746d0af, clickElement {id=FC1D655EF217954E0626B2FED8AF3D89_element_4999}]\nCapabilities {acceptInsecureCerts: false, browserName: chrome, browserVersion: 119.0.6045.123, chrome: {chromedriverVersion: 119.0.6045.105 (38c72552c5e..., userDataDir: /var/folders/hp/mjygw40d1y1...}, fedcm:accounts: true, goog:chromeOptions: {debuggerAddress: localhost:55169}, networkConnectionEnabled: false, pageLoadStrategy: normal, platformName: mac, proxy: Proxy(), se:cdp: ws://localhost:55169/devtoo..., se:cdpVersion: 119.0.6045.123, setWindowRect: true, strictFileInteractability: false, timeouts: {implicit: 0, pageLoad: 300000, script: 30000}, unhandledPromptBehavior: dismiss and notify, webauthn:extension:credBlob: true, webauthn:extension:largeBlob: true, webauthn:extension:minPinLength: true, webauthn:extension:prf: true, webauthn:virtualAuthenticators: true}\nElement: [[ChromeDriver: chrome on mac (897a8454f63d83b797b1fc559746d0af)] -> xpath: //button[contains(@aria-label,'Height')]]\nSession ID: 897a8454f63d83b797b1fc559746d0af\n\tat java.base/jdk.internal.reflect.NativeConstructorAccessorImpl.newInstance0(Native Method)\n\tat java.base/jdk.internal.reflect.NativeConstructorAccessorImpl.newInstance(NativeConstructorAccessorImpl.java:77)\n\tat java.base/jdk.internal.reflect.DelegatingConstructorAccessorImpl.newInstance(DelegatingConstructorAccessorImpl.java:45)\n\tat java.base/java.lang.reflect.Constructor.newInstanceWithCaller(Constructor.java:499)\n\tat java.base/java.lang.reflect.Constructor.newInstance(Constructor.java:480)\n\tat org.openqa.selenium.remote.codec.w3c.W3CHttpResponseCodec.createException(W3CHttpResponseCodec.java:200)\n\tat org.openqa.selenium.remote.codec.w3c.W3CHttpResponseCodec.decode(W3CHttpResponseCodec.java:133)\n\tat org.openqa.selenium.remote.codec.w3c.W3CHttpResponseCodec.decode(W3CHttpResponseCodec.java:52)\n\tat org.openqa.selenium.remote.HttpCommandExecutor.execute(HttpCommandExecutor.java:191)\n\tat org.openqa.selenium.remote.service.DriverCommandExecutor.invokeExecute(DriverCommandExecutor.java:196)\n\tat org.openqa.selenium.remote.service.DriverCommandExecutor.execute(DriverCommandExecutor.java:171)\n\tat org.openqa.selenium.remote.RemoteWebDriver.execute(RemoteWebDriver.java:602)\n\tat org.openqa.selenium.remote.RemoteWebElement.execute(RemoteWebElement.java:224)\n\tat org.openqa.selenium.remote.RemoteWebElement.click(RemoteWebElement.java:77)\n\tat java.base/jdk.internal.reflect.NativeMethodAccessorImpl.invoke0(Native Method)\n\tat java.base/jdk.internal.reflect.NativeMethodAccessorImpl.invoke(NativeMethodAccessorImpl.java:77)\n\tat java.base/jdk.internal.reflect.DelegatingMethodAccessorImpl.invoke(DelegatingMethodAccessorImpl.java:43)\n\tat java.base/java.lang.reflect.Method.invoke(Method.java:568)\n\tat org.openqa.selenium.support.pagefactory.internal.LocatingElementHandler.invoke(LocatingElementHandler.java:51)\n\tat jdk.proxy2/jdk.proxy2.$Proxy34.click(Unknown Source)\n\tat pageObjects.PatientObject.medicalHistory(PatientObject.java:218)\n\tat stepDefinitions.PatientObjectSD.patient_enters_and_on_medical_history(PatientObjectSD.java:74)\n\tat ✽.Patient enters \"12.00\" and \"60\" on medical history(file:///Users/archanasawant/Documents/GitHub/Sepsis-Application/src/test/resources/features/02patientObject.feature:31)\n"},"stage":"finished","steps":[],"attachments":[],"parameters":[],"start":1700074084430,"stop":1700074085503},{"name":"Then  Patient can see the \"12.00\" and \"60\" entered on medical history","status":"skipped","statusDetails":{"known":false,"muted":false,"flaky":false},"stage":"finished","steps":[],"attachments":[],"parameters":[],"start":1700074085894,"stop":1700074085895}],"attachments":[],"parameters":[{"name":"HeightINcm","value":"12.00"},{"name":"WeightinKgs","value":"60"}],"start":1700074084429,"stop":1700074085896}