<?xml version="1.0" encoding="UTF-8"?>
<testng-results ignored="0" total="1" passed="1" failed="0" skipped="0">
  <reporter-output>
  </reporter-output>
  <suite started-at="2023-11-06T20:50:36 CST" name="Suite" finished-at="2023-11-06T20:50:57 CST" duration-ms="21079">
    <groups>
      <group name="cucumber">
        <method signature="AbstractTestNGCucumberTests.runScenario(io.cucumber.testng.PickleWrapper,io.cucumber.testng.FeatureWrapper)[pri:0, instance:runner.TestRunnertestNG@229f66ed]" name="runScenario" class="io.cucumber.testng.AbstractTestNGCucumberTests"/>
      </group> <!-- cucumber -->
    </groups>
    <test started-at="2023-11-06T20:50:36 CST" name="patient" finished-at="2023-11-06T20:50:36 CST" duration-ms="13">
    </test> <!-- patient -->
    <test started-at="2023-11-06T20:50:36 CST" name="Test" finished-at="2023-11-06T20:50:57 CST" duration-ms="20992">
      <class name="runner.TestRunnertestNG">
        <test-method is-config="true" signature="setUpClass(org.testng.ITestContext)[pri:0, instance:runner.TestRunnertestNG@229f66ed]" started-at="2023-11-06T20:50:36 CST" name="setUpClass" finished-at="2023-11-06T20:50:39 CST" duration-ms="3205" status="PASS">
          <params>
            <param index="0">
              <value>
                <![CDATA[org.testng.TestRunner@15586843]]>
              </value>
            </param>
          </params>
          <reporter-output>
          </reporter-output>
        </test-method> <!-- setUpClass -->
        <test-method signature="runScenario(io.cucumber.testng.PickleWrapper,io.cucumber.testng.FeatureWrapper)[pri:0, instance:runner.TestRunnertestNG@229f66ed]" started-at="2023-11-06T20:50:39 CST" name="runScenario" description="Runs Cucumber Scenarios" data-provider="scenarios" finished-at="2023-11-06T20:50:54 CST" duration-ms="15451" status="PASS">
          <params>
            <param index="0">
              <value>
                <![CDATA["Validating the FirstName"]]>
              </value>
            </param>
            <param index="1">
              <value>
                <![CDATA["Validating the New Patient Personal Information"]]>
              </value>
            </param>
          </params>
          <reporter-output>
          </reporter-output>
        </test-method> <!-- runScenario -->
        <test-method is-config="true" signature="tearDownClass()[pri:0, instance:runner.TestRunnertestNG@229f66ed]" started-at="2023-11-06T20:50:54 CST" name="tearDownClass" finished-at="2023-11-06T20:50:57 CST" duration-ms="2295" status="PASS">
          <reporter-output>
          </reporter-output>
        </test-method> <!-- tearDownClass -->
      </class> <!-- runner.TestRunnertestNG -->
    </test> <!-- Test -->
  </suite> <!-- Suite -->
</testng-results>
