<?xml version="1.0" encoding="UTF-8"?>
<testng-results ignored="0" total="14" passed="14" failed="0" skipped="0">
  <reporter-output>
  </reporter-output>
  <suite started-at="2023-11-13T12:12:20 CST" name="Suite" finished-at="2023-11-13T12:12:48 CST" duration-ms="28055">
    <groups>
      <group name="cucumber">
        <method signature="AbstractTestNGCucumberTests.runScenario(io.cucumber.testng.PickleWrapper,io.cucumber.testng.FeatureWrapper)[pri:0, instance:runner.TestRunnertestNG@229f66ed]" name="runScenario" class="io.cucumber.testng.AbstractTestNGCucumberTests"/>
      </group> <!-- cucumber -->
    </groups>
    <test started-at="2023-11-13T12:12:20 CST" name="patient" finished-at="2023-11-13T12:12:20 CST" duration-ms="10">
    </test> <!-- patient -->
    <test started-at="2023-11-13T12:12:20 CST" name="Test" finished-at="2023-11-13T12:12:48 CST" duration-ms="27982">
      <class name="runner.TestRunnertestNG">
        <test-method is-config="true" signature="setUpClass(org.testng.ITestContext)[pri:0, instance:runner.TestRunnertestNG@229f66ed]" started-at="2023-11-13T12:12:20 CST" name="setUpClass" finished-at="2023-11-13T12:12:25 CST" duration-ms="5290" status="PASS">
          <params>
            <param index="0">
              <value>
                <![CDATA[org.testng.TestRunner@7a569672]]>
              </value>
            </param>
          </params>
          <reporter-output>
          </reporter-output>
        </test-method> <!-- setUpClass -->
        <test-method signature="runScenario(io.cucumber.testng.PickleWrapper,io.cucumber.testng.FeatureWrapper)[pri:0, instance:runner.TestRunnertestNG@229f66ed]" started-at="2023-11-13T12:12:25 CST" name="runScenario" description="Runs Cucumber Scenarios" data-provider="scenarios" finished-at="2023-11-13T12:12:36 CST" duration-ms="11298" status="PASS">
          <params>
            <param index="0">
              <value>
                <![CDATA["Validate loginPage"]]>
              </value>
            </param>
            <param index="1">
              <value>
                <![CDATA["Validitate Existing Morbidities"]]>
              </value>
            </param>
          </params>
          <reporter-output>
          </reporter-output>
        </test-method> <!-- runScenario -->
        <test-method signature="runScenario(io.cucumber.testng.PickleWrapper,io.cucumber.testng.FeatureWrapper)[pri:0, instance:runner.TestRunnertestNG@229f66ed]" started-at="2023-11-13T12:12:36 CST" name="runScenario" description="Runs Cucumber Scenarios" data-provider="scenarios" finished-at="2023-11-13T12:12:38 CST" duration-ms="2086" status="PASS">
          <params>
            <param index="0">
              <value>
                <![CDATA["Validate Existing Morbidities available to chosen"]]>
              </value>
            </param>
            <param index="1">
              <value>
                <![CDATA["Validitate Existing Morbidities"]]>
              </value>
            </param>
          </params>
          <reporter-output>
          </reporter-output>
        </test-method> <!-- runScenario -->
        <test-method signature="runScenario(io.cucumber.testng.PickleWrapper,io.cucumber.testng.FeatureWrapper)[pri:0, instance:runner.TestRunnertestNG@229f66ed]" started-at="2023-11-13T12:12:38 CST" name="runScenario" description="Runs Cucumber Scenarios" data-provider="scenarios" finished-at="2023-11-13T12:12:39 CST" duration-ms="173" status="PASS">
          <params>
            <param index="0">
              <value>
                <![CDATA["Validate the Undo button on Existing Morbidities"]]>
              </value>
            </param>
            <param index="1">
              <value>
                <![CDATA["Validitate Existing Morbidities"]]>
              </value>
            </param>
          </params>
          <reporter-output>
          </reporter-output>
        </test-method> <!-- runScenario -->
        <test-method signature="runScenario(io.cucumber.testng.PickleWrapper,io.cucumber.testng.FeatureWrapper)[pri:0, instance:runner.TestRunnertestNG@229f66ed]" started-at="2023-11-13T12:12:39 CST" name="runScenario" description="Runs Cucumber Scenarios" data-provider="scenarios" finished-at="2023-11-13T12:12:39 CST" duration-ms="482" status="PASS">
          <params>
            <param index="0">
              <value>
                <![CDATA["Validate the Other textbox"]]>
              </value>
            </param>
            <param index="1">
              <value>
                <![CDATA["Validitate Existing Morbidities"]]>
              </value>
            </param>
          </params>
          <reporter-output>
          </reporter-output>
        </test-method> <!-- runScenario -->
        <test-method signature="runScenario(io.cucumber.testng.PickleWrapper,io.cucumber.testng.FeatureWrapper)[pri:0, instance:runner.TestRunnertestNG@229f66ed]" started-at="2023-11-13T12:12:39 CST" name="runScenario" description="Runs Cucumber Scenarios" data-provider="scenarios" finished-at="2023-11-13T12:12:39 CST" duration-ms="384" status="PASS">
          <params>
            <param index="0">
              <value>
                <![CDATA["Validate the Allergy Checkbox"]]>
              </value>
            </param>
            <param index="1">
              <value>
                <![CDATA["Validitate Existing Morbidities"]]>
              </value>
            </param>
          </params>
          <reporter-output>
          </reporter-output>
        </test-method> <!-- runScenario -->
        <test-method signature="runScenario(io.cucumber.testng.PickleWrapper,io.cucumber.testng.FeatureWrapper)[pri:0, instance:runner.TestRunnertestNG@229f66ed]" started-at="2023-11-13T12:12:39 CST" name="runScenario" description="Runs Cucumber Scenarios" data-provider="scenarios" finished-at="2023-11-13T12:12:40 CST" duration-ms="445" status="PASS">
          <params>
            <param index="0">
              <value>
                <![CDATA["Validate the Other textbox in Existing Infections"]]>
              </value>
            </param>
            <param index="1">
              <value>
                <![CDATA["Validitate Existing Morbidities"]]>
              </value>
            </param>
          </params>
          <reporter-output>
          </reporter-output>
        </test-method> <!-- runScenario -->
        <test-method signature="runScenario(io.cucumber.testng.PickleWrapper,io.cucumber.testng.FeatureWrapper)[pri:0, instance:runner.TestRunnertestNG@229f66ed]" started-at="2023-11-13T12:12:40 CST" name="runScenario" description="Runs Cucumber Scenarios" data-provider="scenarios" finished-at="2023-11-13T12:12:41 CST" duration-ms="794" status="PASS">
          <params>
            <param index="0">
              <value>
                <![CDATA["Validate selecting Habits options from available to chosen"]]>
              </value>
            </param>
            <param index="1">
              <value>
                <![CDATA["Validitate Existing Morbidities"]]>
              </value>
            </param>
          </params>
          <reporter-output>
          </reporter-output>
        </test-method> <!-- runScenario -->
        <test-method signature="runScenario(io.cucumber.testng.PickleWrapper,io.cucumber.testng.FeatureWrapper)[pri:0, instance:runner.TestRunnertestNG@229f66ed]" started-at="2023-11-13T12:12:41 CST" name="runScenario" description="Runs Cucumber Scenarios" data-provider="scenarios" finished-at="2023-11-13T12:12:41 CST" duration-ms="580" status="PASS">
          <params>
            <param index="0">
              <value>
                <![CDATA["Validate selecting Physical fitness options from available to chosen"]]>
              </value>
            </param>
            <param index="1">
              <value>
                <![CDATA["Validitate Existing Morbidities"]]>
              </value>
            </param>
          </params>
          <reporter-output>
          </reporter-output>
        </test-method> <!-- runScenario -->
        <test-method signature="runScenario(io.cucumber.testng.PickleWrapper,io.cucumber.testng.FeatureWrapper)[pri:0, instance:runner.TestRunnertestNG@229f66ed]" started-at="2023-11-13T12:12:41 CST" name="runScenario" description="Runs Cucumber Scenarios" data-provider="scenarios" finished-at="2023-11-13T12:12:42 CST" duration-ms="785" status="PASS">
          <params>
            <param index="0">
              <value>
                <![CDATA["Validate selecting Family History options more than one from available to chosen"]]>
              </value>
            </param>
            <param index="1">
              <value>
                <![CDATA["Validitate Existing Morbidities"]]>
              </value>
            </param>
          </params>
          <reporter-output>
          </reporter-output>
        </test-method> <!-- runScenario -->
        <test-method signature="runScenario(io.cucumber.testng.PickleWrapper,io.cucumber.testng.FeatureWrapper)[pri:0, instance:runner.TestRunnertestNG@229f66ed]" started-at="2023-11-13T12:12:42 CST" name="runScenario" description="Runs Cucumber Scenarios" data-provider="scenarios" finished-at="2023-11-13T12:12:42 CST" duration-ms="438" status="PASS">
          <params>
            <param index="0">
              <value>
                <![CDATA["Validate selecting Family History left arrow from chosen to available"]]>
              </value>
            </param>
            <param index="1">
              <value>
                <![CDATA["Validitate Existing Morbidities"]]>
              </value>
            </param>
          </params>
          <reporter-output>
          </reporter-output>
        </test-method> <!-- runScenario -->
        <test-method signature="runScenario(io.cucumber.testng.PickleWrapper,io.cucumber.testng.FeatureWrapper)[pri:0, instance:runner.TestRunnertestNG@229f66ed]" started-at="2023-11-13T12:12:42 CST" name="runScenario" description="Runs Cucumber Scenarios" data-provider="scenarios" finished-at="2023-11-13T12:12:43 CST" duration-ms="188" status="PASS">
          <params>
            <param index="0">
              <value>
                <![CDATA["Validate Fitness Frequency DropDown"]]>
              </value>
            </param>
            <param index="1">
              <value>
                <![CDATA["Validitate Existing Morbidities"]]>
              </value>
            </param>
          </params>
          <reporter-output>
          </reporter-output>
        </test-method> <!-- runScenario -->
        <test-method signature="runScenario(io.cucumber.testng.PickleWrapper,io.cucumber.testng.FeatureWrapper)[pri:0, instance:runner.TestRunnertestNG@229f66ed]" started-at="2023-11-13T12:12:43 CST" name="runScenario" description="Runs Cucumber Scenarios" data-provider="scenarios" finished-at="2023-11-13T12:12:43 CST" duration-ms="392" status="PASS">
          <params>
            <param index="0">
              <value>
                <![CDATA["Validate the Surgeries Checkbox"]]>
              </value>
            </param>
            <param index="1">
              <value>
                <![CDATA["Validitate Existing Morbidities"]]>
              </value>
            </param>
          </params>
          <reporter-output>
          </reporter-output>
        </test-method> <!-- runScenario -->
        <test-method signature="runScenario(io.cucumber.testng.PickleWrapper,io.cucumber.testng.FeatureWrapper)[pri:0, instance:runner.TestRunnertestNG@229f66ed]" started-at="2023-11-13T12:12:43 CST" name="runScenario" description="Runs Cucumber Scenarios" data-provider="scenarios" finished-at="2023-11-13T12:12:43 CST" duration-ms="205" status="PASS">
          <params>
            <param index="0">
              <value>
                <![CDATA["Validate Immunization DropDown"]]>
              </value>
            </param>
            <param index="1">
              <value>
                <![CDATA["Validitate Existing Morbidities"]]>
              </value>
            </param>
          </params>
          <reporter-output>
          </reporter-output>
        </test-method> <!-- runScenario -->
        <test-method signature="runScenario(io.cucumber.testng.PickleWrapper,io.cucumber.testng.FeatureWrapper)[pri:0, instance:runner.TestRunnertestNG@229f66ed]" started-at="2023-11-13T12:12:43 CST" name="runScenario" description="Runs Cucumber Scenarios" data-provider="scenarios" finished-at="2023-11-13T12:12:44 CST" duration-ms="473" status="PASS">
          <params>
            <param index="0">
              <value>
                <![CDATA["Validate the International Travel Checkbox"]]>
              </value>
            </param>
            <param index="1">
              <value>
                <![CDATA["Validitate Existing Morbidities"]]>
              </value>
            </param>
          </params>
          <reporter-output>
          </reporter-output>
        </test-method> <!-- runScenario -->
        <test-method is-config="true" signature="tearDownClass()[pri:0, instance:runner.TestRunnertestNG@229f66ed]" started-at="2023-11-13T12:12:44 CST" name="tearDownClass" finished-at="2023-11-13T12:12:48 CST" duration-ms="3910" status="PASS">
          <reporter-output>
          </reporter-output>
        </test-method> <!-- tearDownClass -->
      </class> <!-- runner.TestRunnertestNG -->
    </test> <!-- Test -->
  </suite> <!-- Suite -->
</testng-results>
