<?xml version="1.0" encoding="UTF-8"?>
<testng-results ignored="0" total="18" passed="18" failed="0" skipped="0">
  <reporter-output>
  </reporter-output>
  <suite started-at="2023-11-15T13:16:02 CST" name="Default suite" finished-at="2023-11-15T13:16:40 CST" duration-ms="38044">
    <groups>
      <group name="cucumber">
        <method signature="AbstractTestNGCucumberTests.runScenario(io.cucumber.testng.PickleWrapper,io.cucumber.testng.FeatureWrapper)[pri:0, instance:runner.TestRunnertestNG@5b7a5baa]" name="runScenario" class="io.cucumber.testng.AbstractTestNGCucumberTests"/>
      </group> <!-- cucumber -->
    </groups>
    <test started-at="2023-11-15T13:16:02 CST" name="Default test" finished-at="2023-11-15T13:16:40 CST" duration-ms="38044">
      <class name="runner.TestRunnertestNG">
        <test-method is-config="true" signature="setUpClass(org.testng.ITestContext)[pri:0, instance:runner.TestRunnertestNG@5b7a5baa]" started-at="2023-11-15T13:16:02 CST" name="setUpClass" finished-at="2023-11-15T13:16:06 CST" duration-ms="3918" status="PASS">
          <params>
            <param index="0">
              <value>
                <![CDATA[org.testng.TestRunner@13cc3984]]>
              </value>
            </param>
          </params>
          <reporter-output>
          </reporter-output>
        </test-method> <!-- setUpClass -->
        <test-method signature="runScenario(io.cucumber.testng.PickleWrapper,io.cucumber.testng.FeatureWrapper)[pri:0, instance:runner.TestRunnertestNG@5b7a5baa]" started-at="2023-11-15T13:16:06 CST" name="runScenario" description="Runs Cucumber Scenarios" data-provider="scenarios" finished-at="2023-11-15T13:16:21 CST" duration-ms="15628" status="PASS">
          <params>
            <param index="0">
              <value>
                <![CDATA["Validate loginPage"]]>
              </value>
            </param>
            <param index="1">
              <value>
                <![CDATA["SalesforceLoginSepsisapp"]]>
              </value>
            </param>
          </params>
          <reporter-output>
          </reporter-output>
        </test-method> <!-- runScenario -->
        <test-method signature="runScenario(io.cucumber.testng.PickleWrapper,io.cucumber.testng.FeatureWrapper)[pri:0, instance:runner.TestRunnertestNG@5b7a5baa]" started-at="2023-11-15T13:16:21 CST" name="runScenario" description="Runs Cucumber Scenarios" data-provider="scenarios" finished-at="2023-11-15T13:16:23 CST" duration-ms="1868" status="PASS">
          <params>
            <param index="0">
              <value>
                <![CDATA["Validating the EmergencyContact"]]>
              </value>
            </param>
            <param index="1">
              <value>
                <![CDATA["Validating the New Patient information"]]>
              </value>
            </param>
          </params>
          <reporter-output>
          </reporter-output>
        </test-method> <!-- runScenario -->
        <test-method signature="runScenario(io.cucumber.testng.PickleWrapper,io.cucumber.testng.FeatureWrapper)[pri:0, instance:runner.TestRunnertestNG@5b7a5baa]" started-at="2023-11-15T13:16:23 CST" name="runScenario" description="Runs Cucumber Scenarios" data-provider="scenarios" finished-at="2023-11-15T13:16:25 CST" duration-ms="1618" status="PASS">
          <params>
            <param index="0">
              <value>
                <![CDATA["Validating the ProviderInformation"]]>
              </value>
            </param>
            <param index="1">
              <value>
                <![CDATA["Validating the New Patient information"]]>
              </value>
            </param>
          </params>
          <reporter-output>
          </reporter-output>
        </test-method> <!-- runScenario -->
        <test-method signature="runScenario(io.cucumber.testng.PickleWrapper,io.cucumber.testng.FeatureWrapper)[pri:0, instance:runner.TestRunnertestNG@5b7a5baa]" started-at="2023-11-15T13:16:25 CST" name="runScenario" description="Runs Cucumber Scenarios" data-provider="scenarios" finished-at="2023-11-15T13:16:26 CST" duration-ms="1139" status="PASS">
          <params>
            <param index="0">
              <value>
                <![CDATA["Validating the EmergencyContact"]]>
              </value>
            </param>
            <param index="1">
              <value>
                <![CDATA["Validating the New Patient information"]]>
              </value>
            </param>
          </params>
          <reporter-output>
          </reporter-output>
        </test-method> <!-- runScenario -->
        <test-method signature="runScenario(io.cucumber.testng.PickleWrapper,io.cucumber.testng.FeatureWrapper)[pri:0, instance:runner.TestRunnertestNG@5b7a5baa]" started-at="2023-11-15T13:16:26 CST" name="runScenario" description="Runs Cucumber Scenarios" data-provider="scenarios" finished-at="2023-11-15T13:16:27 CST" duration-ms="1411" status="PASS">
          <params>
            <param index="0">
              <value>
                <![CDATA["Validating the PersonalInfo"]]>
              </value>
            </param>
            <param index="1">
              <value>
                <![CDATA["Validating the New Patient information"]]>
              </value>
            </param>
          </params>
          <reporter-output>
          </reporter-output>
        </test-method> <!-- runScenario -->
        <test-method signature="runScenario(io.cucumber.testng.PickleWrapper,io.cucumber.testng.FeatureWrapper)[pri:0, instance:runner.TestRunnertestNG@5b7a5baa]" started-at="2023-11-15T13:16:27 CST" name="runScenario" description="Runs Cucumber Scenarios" data-provider="scenarios" finished-at="2023-11-15T13:16:28 CST" duration-ms="649" status="PASS">
          <params>
            <param index="0">
              <value>
                <![CDATA["Validate Existing Morbidities available to chosen"]]>
              </value>
            </param>
            <param index="1">
              <value>
                <![CDATA["Validitate Existing Morbidities"]]>
              </value>
            </param>
          </params>
          <reporter-output>
          </reporter-output>
        </test-method> <!-- runScenario -->
        <test-method signature="runScenario(io.cucumber.testng.PickleWrapper,io.cucumber.testng.FeatureWrapper)[pri:0, instance:runner.TestRunnertestNG@5b7a5baa]" started-at="2023-11-15T13:16:28 CST" name="runScenario" description="Runs Cucumber Scenarios" data-provider="scenarios" finished-at="2023-11-15T13:16:28 CST" duration-ms="262" status="PASS">
          <params>
            <param index="0">
              <value>
                <![CDATA["Validate the Undo button on Existing Morbidities"]]>
              </value>
            </param>
            <param index="1">
              <value>
                <![CDATA["Validitate Existing Morbidities"]]>
              </value>
            </param>
          </params>
          <reporter-output>
          </reporter-output>
        </test-method> <!-- runScenario -->
        <test-method signature="runScenario(io.cucumber.testng.PickleWrapper,io.cucumber.testng.FeatureWrapper)[pri:0, instance:runner.TestRunnertestNG@5b7a5baa]" started-at="2023-11-15T13:16:28 CST" name="runScenario" description="Runs Cucumber Scenarios" data-provider="scenarios" finished-at="2023-11-15T13:16:29 CST" duration-ms="620" status="PASS">
          <params>
            <param index="0">
              <value>
                <![CDATA["Validate the Other textbox"]]>
              </value>
            </param>
            <param index="1">
              <value>
                <![CDATA["Validitate Existing Morbidities"]]>
              </value>
            </param>
          </params>
          <reporter-output>
          </reporter-output>
        </test-method> <!-- runScenario -->
        <test-method signature="runScenario(io.cucumber.testng.PickleWrapper,io.cucumber.testng.FeatureWrapper)[pri:0, instance:runner.TestRunnertestNG@5b7a5baa]" started-at="2023-11-15T13:16:29 CST" name="runScenario" description="Runs Cucumber Scenarios" data-provider="scenarios" finished-at="2023-11-15T13:16:29 CST" duration-ms="585" status="PASS">
          <params>
            <param index="0">
              <value>
                <![CDATA["Validate the Allergy Checkbox"]]>
              </value>
            </param>
            <param index="1">
              <value>
                <![CDATA["Validitate Existing Morbidities"]]>
              </value>
            </param>
          </params>
          <reporter-output>
          </reporter-output>
        </test-method> <!-- runScenario -->
        <test-method signature="runScenario(io.cucumber.testng.PickleWrapper,io.cucumber.testng.FeatureWrapper)[pri:0, instance:runner.TestRunnertestNG@5b7a5baa]" started-at="2023-11-15T13:16:29 CST" name="runScenario" description="Runs Cucumber Scenarios" data-provider="scenarios" finished-at="2023-11-15T13:16:30 CST" duration-ms="531" status="PASS">
          <params>
            <param index="0">
              <value>
                <![CDATA["Validate the Other textbox in Existing Infections"]]>
              </value>
            </param>
            <param index="1">
              <value>
                <![CDATA["Validitate Existing Morbidities"]]>
              </value>
            </param>
          </params>
          <reporter-output>
          </reporter-output>
        </test-method> <!-- runScenario -->
        <test-method signature="runScenario(io.cucumber.testng.PickleWrapper,io.cucumber.testng.FeatureWrapper)[pri:0, instance:runner.TestRunnertestNG@5b7a5baa]" started-at="2023-11-15T13:16:30 CST" name="runScenario" description="Runs Cucumber Scenarios" data-provider="scenarios" finished-at="2023-11-15T13:16:31 CST" duration-ms="836" status="PASS">
          <params>
            <param index="0">
              <value>
                <![CDATA["Validate selecting Habits options from available to chosen"]]>
              </value>
            </param>
            <param index="1">
              <value>
                <![CDATA["Validitate Existing Morbidities"]]>
              </value>
            </param>
          </params>
          <reporter-output>
          </reporter-output>
        </test-method> <!-- runScenario -->
        <test-method signature="runScenario(io.cucumber.testng.PickleWrapper,io.cucumber.testng.FeatureWrapper)[pri:0, instance:runner.TestRunnertestNG@5b7a5baa]" started-at="2023-11-15T13:16:31 CST" name="runScenario" description="Runs Cucumber Scenarios" data-provider="scenarios" finished-at="2023-11-15T13:16:31 CST" duration-ms="563" status="PASS">
          <params>
            <param index="0">
              <value>
                <![CDATA["Validate selecting Physical fitness options from available to chosen"]]>
              </value>
            </param>
            <param index="1">
              <value>
                <![CDATA["Validitate Existing Morbidities"]]>
              </value>
            </param>
          </params>
          <reporter-output>
          </reporter-output>
        </test-method> <!-- runScenario -->
        <test-method signature="runScenario(io.cucumber.testng.PickleWrapper,io.cucumber.testng.FeatureWrapper)[pri:0, instance:runner.TestRunnertestNG@5b7a5baa]" started-at="2023-11-15T13:16:31 CST" name="runScenario" description="Runs Cucumber Scenarios" data-provider="scenarios" finished-at="2023-11-15T13:16:32 CST" duration-ms="808" status="PASS">
          <params>
            <param index="0">
              <value>
                <![CDATA["Validate selecting Family History options more than one from available to chosen"]]>
              </value>
            </param>
            <param index="1">
              <value>
                <![CDATA["Validitate Existing Morbidities"]]>
              </value>
            </param>
          </params>
          <reporter-output>
          </reporter-output>
        </test-method> <!-- runScenario -->
        <test-method signature="runScenario(io.cucumber.testng.PickleWrapper,io.cucumber.testng.FeatureWrapper)[pri:0, instance:runner.TestRunnertestNG@5b7a5baa]" started-at="2023-11-15T13:16:32 CST" name="runScenario" description="Runs Cucumber Scenarios" data-provider="scenarios" finished-at="2023-11-15T13:16:32 CST" duration-ms="427" status="PASS">
          <params>
            <param index="0">
              <value>
                <![CDATA["Validate selecting Family History left arrow from chosen to available"]]>
              </value>
            </param>
            <param index="1">
              <value>
                <![CDATA["Validitate Existing Morbidities"]]>
              </value>
            </param>
          </params>
          <reporter-output>
          </reporter-output>
        </test-method> <!-- runScenario -->
        <test-method signature="runScenario(io.cucumber.testng.PickleWrapper,io.cucumber.testng.FeatureWrapper)[pri:0, instance:runner.TestRunnertestNG@5b7a5baa]" started-at="2023-11-15T13:16:32 CST" name="runScenario" description="Runs Cucumber Scenarios" data-provider="scenarios" finished-at="2023-11-15T13:16:33 CST" duration-ms="321" status="PASS">
          <params>
            <param index="0">
              <value>
                <![CDATA["Validate Fitness Frequency DropDown"]]>
              </value>
            </param>
            <param index="1">
              <value>
                <![CDATA["Validitate Existing Morbidities"]]>
              </value>
            </param>
          </params>
          <reporter-output>
          </reporter-output>
        </test-method> <!-- runScenario -->
        <test-method signature="runScenario(io.cucumber.testng.PickleWrapper,io.cucumber.testng.FeatureWrapper)[pri:0, instance:runner.TestRunnertestNG@5b7a5baa]" started-at="2023-11-15T13:16:33 CST" name="runScenario" description="Runs Cucumber Scenarios" data-provider="scenarios" finished-at="2023-11-15T13:16:33 CST" duration-ms="474" status="PASS">
          <params>
            <param index="0">
              <value>
                <![CDATA["Validate the Surgeries Checkbox"]]>
              </value>
            </param>
            <param index="1">
              <value>
                <![CDATA["Validitate Existing Morbidities"]]>
              </value>
            </param>
          </params>
          <reporter-output>
          </reporter-output>
        </test-method> <!-- runScenario -->
        <test-method signature="runScenario(io.cucumber.testng.PickleWrapper,io.cucumber.testng.FeatureWrapper)[pri:0, instance:runner.TestRunnertestNG@5b7a5baa]" started-at="2023-11-15T13:16:33 CST" name="runScenario" description="Runs Cucumber Scenarios" data-provider="scenarios" finished-at="2023-11-15T13:16:33 CST" duration-ms="179" status="PASS">
          <params>
            <param index="0">
              <value>
                <![CDATA["Validate Immunization DropDown"]]>
              </value>
            </param>
            <param index="1">
              <value>
                <![CDATA["Validitate Existing Morbidities"]]>
              </value>
            </param>
          </params>
          <reporter-output>
          </reporter-output>
        </test-method> <!-- runScenario -->
        <test-method signature="runScenario(io.cucumber.testng.PickleWrapper,io.cucumber.testng.FeatureWrapper)[pri:0, instance:runner.TestRunnertestNG@5b7a5baa]" started-at="2023-11-15T13:16:33 CST" name="runScenario" description="Runs Cucumber Scenarios" data-provider="scenarios" finished-at="2023-11-15T13:16:34 CST" duration-ms="545" status="PASS">
          <params>
            <param index="0">
              <value>
                <![CDATA["Validate the International Travel Checkbox"]]>
              </value>
            </param>
            <param index="1">
              <value>
                <![CDATA["Validitate Existing Morbidities"]]>
              </value>
            </param>
          </params>
          <reporter-output>
          </reporter-output>
        </test-method> <!-- runScenario -->
        <test-method is-config="true" signature="tearDownClass()[pri:0, instance:runner.TestRunnertestNG@5b7a5baa]" started-at="2023-11-15T13:16:34 CST" name="tearDownClass" finished-at="2023-11-15T13:16:40 CST" duration-ms="5597" status="PASS">
          <reporter-output>
          </reporter-output>
        </test-method> <!-- tearDownClass -->
      </class> <!-- runner.TestRunnertestNG -->
    </test> <!-- Default test -->
  </suite> <!-- Default suite -->
</testng-results>
