<?xml version="1.0" encoding="UTF-8"?>
<testng-results ignored="0" total="19" passed="16" failed="3" skipped="0">
  <reporter-output>
  </reporter-output>
  <suite started-at="2023-11-14T12:50:18 CST" name="Default suite" finished-at="2023-11-14T12:52:05 CST" duration-ms="107150">
    <groups>
      <group name="cucumber">
        <method signature="AbstractTestNGCucumberTests.runScenario(io.cucumber.testng.PickleWrapper,io.cucumber.testng.FeatureWrapper)[pri:0, instance:runner.FailedTestRunner@14fc5f04]" name="runScenario" class="io.cucumber.testng.AbstractTestNGCucumberTests"/>
        <method signature="AbstractTestNGCucumberTests.runScenario(io.cucumber.testng.PickleWrapper,io.cucumber.testng.FeatureWrapper)[pri:0, instance:runner.TestRunnertestNG@15a34df2]" name="runScenario" class="io.cucumber.testng.AbstractTestNGCucumberTests"/>
      </group> <!-- cucumber -->
    </groups>
    <test started-at="2023-11-14T12:50:18 CST" name="Default test" finished-at="2023-11-14T12:52:05 CST" duration-ms="107150">
      <class name="runner.TestRunnertestNG">
        <test-method is-config="true" signature="setUpClass(org.testng.ITestContext)[pri:0, instance:runner.TestRunnertestNG@15a34df2]" started-at="2023-11-14T12:50:20 CST" name="setUpClass" finished-at="2023-11-14T12:50:22 CST" duration-ms="1738" status="PASS">
          <params>
            <param index="0">
              <value>
                <![CDATA[org.testng.TestRunner@2e845f1c]]>
              </value>
            </param>
          </params>
          <reporter-output>
          </reporter-output>
        </test-method> <!-- setUpClass -->
        <test-method signature="runScenario(io.cucumber.testng.PickleWrapper,io.cucumber.testng.FeatureWrapper)[pri:0, instance:runner.TestRunnertestNG@15a34df2]" started-at="2023-11-14T12:50:22 CST" name="runScenario" description="Runs Cucumber Scenarios" data-provider="scenarios" finished-at="2023-11-14T12:50:31 CST" duration-ms="9270" status="PASS">
          <params>
            <param index="0">
              <value>
                <![CDATA["Validate loginPage"]]>
              </value>
            </param>
            <param index="1">
              <value>
                <![CDATA["SalesforceLoginSepsisapp"]]>
              </value>
            </param>
          </params>
          <reporter-output>
          </reporter-output>
        </test-method> <!-- runScenario -->
        <test-method signature="runScenario(io.cucumber.testng.PickleWrapper,io.cucumber.testng.FeatureWrapper)[pri:0, instance:runner.TestRunnertestNG@15a34df2]" started-at="2023-11-14T12:50:31 CST" name="runScenario" description="Runs Cucumber Scenarios" data-provider="scenarios" finished-at="2023-11-14T12:50:32 CST" duration-ms="643" status="PASS">
          <params>
            <param index="0">
              <value>
                <![CDATA["Validating the EmergencyContact"]]>
              </value>
            </param>
            <param index="1">
              <value>
                <![CDATA["Validating the New Patient information"]]>
              </value>
            </param>
          </params>
          <reporter-output>
          </reporter-output>
        </test-method> <!-- runScenario -->
        <test-method signature="runScenario(io.cucumber.testng.PickleWrapper,io.cucumber.testng.FeatureWrapper)[pri:0, instance:runner.TestRunnertestNG@15a34df2]" started-at="2023-11-14T12:50:32 CST" name="runScenario" description="Runs Cucumber Scenarios" data-provider="scenarios" finished-at="2023-11-14T12:50:33 CST" duration-ms="531" status="PASS">
          <params>
            <param index="0">
              <value>
                <![CDATA["Validating the ProviderInformation"]]>
              </value>
            </param>
            <param index="1">
              <value>
                <![CDATA["Validating the New Patient information"]]>
              </value>
            </param>
          </params>
          <reporter-output>
          </reporter-output>
        </test-method> <!-- runScenario -->
        <test-method signature="runScenario(io.cucumber.testng.PickleWrapper,io.cucumber.testng.FeatureWrapper)[pri:0, instance:runner.TestRunnertestNG@15a34df2]" started-at="2023-11-14T12:50:33 CST" name="runScenario" description="Runs Cucumber Scenarios" data-provider="scenarios" finished-at="2023-11-14T12:50:33 CST" duration-ms="339" status="PASS">
          <params>
            <param index="0">
              <value>
                <![CDATA["Validating the EmergencyContact"]]>
              </value>
            </param>
            <param index="1">
              <value>
                <![CDATA["Validating the New Patient information"]]>
              </value>
            </param>
          </params>
          <reporter-output>
          </reporter-output>
        </test-method> <!-- runScenario -->
        <test-method signature="runScenario(io.cucumber.testng.PickleWrapper,io.cucumber.testng.FeatureWrapper)[pri:0, instance:runner.TestRunnertestNG@15a34df2]" started-at="2023-11-14T12:50:33 CST" name="runScenario" description="Runs Cucumber Scenarios" data-provider="scenarios" finished-at="2023-11-14T12:50:33 CST" duration-ms="594" status="PASS">
          <params>
            <param index="0">
              <value>
                <![CDATA["Validating the PersonalInfo"]]>
              </value>
            </param>
            <param index="1">
              <value>
                <![CDATA["Validating the New Patient information"]]>
              </value>
            </param>
          </params>
          <reporter-output>
          </reporter-output>
        </test-method> <!-- runScenario -->
        <test-method signature="runScenario(io.cucumber.testng.PickleWrapper,io.cucumber.testng.FeatureWrapper)[pri:0, instance:runner.TestRunnertestNG@15a34df2]" started-at="2023-11-14T12:50:33 CST" name="runScenario" description="Runs Cucumber Scenarios" data-provider="scenarios" finished-at="2023-11-14T12:50:34 CST" duration-ms="215" status="PASS">
          <params>
            <param index="0">
              <value>
                <![CDATA["Validate Existing Morbidities available to chosen"]]>
              </value>
            </param>
            <param index="1">
              <value>
                <![CDATA["Validitate Existing Morbidities"]]>
              </value>
            </param>
          </params>
          <reporter-output>
          </reporter-output>
        </test-method> <!-- runScenario -->
        <test-method signature="runScenario(io.cucumber.testng.PickleWrapper,io.cucumber.testng.FeatureWrapper)[pri:0, instance:runner.TestRunnertestNG@15a34df2]" started-at="2023-11-14T12:50:34 CST" name="runScenario" description="Runs Cucumber Scenarios" data-provider="scenarios" finished-at="2023-11-14T12:51:04 CST" duration-ms="30307" status="FAIL">
          <params>
            <param index="0">
              <value>
                <![CDATA["Validate the Undo button on Existing Morbidities"]]>
              </value>
            </param>
            <param index="1">
              <value>
                <![CDATA["Validitate Existing Morbidities"]]>
              </value>
            </param>
          </params>
          <exception class="org.openqa.selenium.NoSuchElementException">
            <message>
              <![CDATA[no such element: Unable to locate element: {"method":"xpath","selector":"//button[@title='Undo Existing Morbidities']"}
  (Session info: chrome=119.0.6045.123)
For documentation on this error, please visit: https://www.selenium.dev/documentation/webdriver/troubleshooting/errors#no-such-element-exception
Build info: version: '4.12.0', revision: '249f2a7d1b*'
System info: os.name: 'Mac OS X', os.arch: 'aarch64', os.version: '13.4', java.version: '17.0.6'
Driver info: org.openqa.selenium.chrome.ChromeDriver
Command: [7136e80ba5abe00c1e1426d313e044ac, findElement {using=xpath, value=//button[@title='Undo Existing Morbidities']}]
Capabilities {acceptInsecureCerts: false, browserName: chrome, browserVersion: 119.0.6045.123, chrome: {chromedriverVersion: 119.0.6045.105 (38c72552c5e..., userDataDir: /var/folders/r3/5_bhvqb55bq...}, fedcm:accounts: true, goog:chromeOptions: {debuggerAddress: localhost:62114}, networkConnectionEnabled: false, pageLoadStrategy: normal, platformName: mac, proxy: Proxy(), se:cdp: ws://localhost:62114/devtoo..., se:cdpVersion: 119.0.6045.123, setWindowRect: true, strictFileInteractability: false, timeouts: {implicit: 0, pageLoad: 300000, script: 30000}, unhandledPromptBehavior: dismiss and notify, webauthn:extension:credBlob: true, webauthn:extension:largeBlob: true, webauthn:extension:minPinLength: true, webauthn:extension:prf: true, webauthn:virtualAuthenticators: true}
Session ID: 7136e80ba5abe00c1e1426d313e044ac]]>
            </message>
            <full-stacktrace>
              <![CDATA[org.openqa.selenium.NoSuchElementException: no such element: Unable to locate element: {"method":"xpath","selector":"//button[@title='Undo Existing Morbidities']"}
  (Session info: chrome=119.0.6045.123)
For documentation on this error, please visit: https://www.selenium.dev/documentation/webdriver/troubleshooting/errors#no-such-element-exception
Build info: version: '4.12.0', revision: '249f2a7d1b*'
System info: os.name: 'Mac OS X', os.arch: 'aarch64', os.version: '13.4', java.version: '17.0.6'
Driver info: org.openqa.selenium.chrome.ChromeDriver
Command: [7136e80ba5abe00c1e1426d313e044ac, findElement {using=xpath, value=//button[@title='Undo Existing Morbidities']}]
Capabilities {acceptInsecureCerts: false, browserName: chrome, browserVersion: 119.0.6045.123, chrome: {chromedriverVersion: 119.0.6045.105 (38c72552c5e..., userDataDir: /var/folders/r3/5_bhvqb55bq...}, fedcm:accounts: true, goog:chromeOptions: {debuggerAddress: localhost:62114}, networkConnectionEnabled: false, pageLoadStrategy: normal, platformName: mac, proxy: Proxy(), se:cdp: ws://localhost:62114/devtoo..., se:cdpVersion: 119.0.6045.123, setWindowRect: true, strictFileInteractability: false, timeouts: {implicit: 0, pageLoad: 300000, script: 30000}, unhandledPromptBehavior: dismiss and notify, webauthn:extension:credBlob: true, webauthn:extension:largeBlob: true, webauthn:extension:minPinLength: true, webauthn:extension:prf: true, webauthn:virtualAuthenticators: true}
Session ID: 7136e80ba5abe00c1e1426d313e044ac
at java.base/jdk.internal.reflect.NativeConstructorAccessorImpl.newInstance0(Native Method)
at java.base/jdk.internal.reflect.NativeConstructorAccessorImpl.newInstance(NativeConstructorAccessorImpl.java:77)
at java.base/jdk.internal.reflect.DelegatingConstructorAccessorImpl.newInstance(DelegatingConstructorAccessorImpl.java:45)
at java.base/java.lang.reflect.Constructor.newInstanceWithCaller(Constructor.java:499)
at java.base/java.lang.reflect.Constructor.newInstance(Constructor.java:480)
at org.openqa.selenium.remote.codec.w3c.W3CHttpResponseCodec.createException(W3CHttpResponseCodec.java:200)
at org.openqa.selenium.remote.codec.w3c.W3CHttpResponseCodec.decode(W3CHttpResponseCodec.java:133)
at org.openqa.selenium.remote.codec.w3c.W3CHttpResponseCodec.decode(W3CHttpResponseCodec.java:52)
at org.openqa.selenium.remote.HttpCommandExecutor.execute(HttpCommandExecutor.java:191)
at org.openqa.selenium.remote.service.DriverCommandExecutor.invokeExecute(DriverCommandExecutor.java:196)
at org.openqa.selenium.remote.service.DriverCommandExecutor.execute(DriverCommandExecutor.java:171)
at org.openqa.selenium.remote.RemoteWebDriver.execute(RemoteWebDriver.java:602)
at org.openqa.selenium.remote.ElementLocation$ElementFinder$2.findElement(ElementLocation.java:165)
at org.openqa.selenium.remote.ElementLocation.findElement(ElementLocation.java:59)
at org.openqa.selenium.remote.RemoteWebDriver.findElement(RemoteWebDriver.java:359)
at org.openqa.selenium.remote.RemoteWebDriver.findElement(RemoteWebDriver.java:353)
at org.openqa.selenium.support.pagefactory.DefaultElementLocator.findElement(DefaultElementLocator.java:68)
at org.openqa.selenium.support.pagefactory.internal.LocatingElementHandler.invoke(LocatingElementHandler.java:38)
at jdk.proxy2/jdk.proxy2.$Proxy35.getWrappedElement(Unknown Source)
at org.openqa.selenium.remote.internal.WebElementToJsonConverter.apply(WebElementToJsonConverter.java:51)
at java.base/java.util.stream.ReferencePipeline$3$1.accept(ReferencePipeline.java:197)
at java.base/java.util.Spliterators$ArraySpliterator.forEachRemaining(Spliterators.java:992)
at java.base/java.util.stream.AbstractPipeline.copyInto(AbstractPipeline.java:509)
at java.base/java.util.stream.AbstractPipeline.wrapAndCopyInto(AbstractPipeline.java:499)
at java.base/java.util.stream.ReduceOps$ReduceOp.evaluateSequential(ReduceOps.java:921)
at java.base/java.util.stream.AbstractPipeline.evaluate(AbstractPipeline.java:234)
at java.base/java.util.stream.ReferencePipeline.collect(ReferencePipeline.java:682)
at org.openqa.selenium.remote.RemoteWebDriver.executeScript(RemoteWebDriver.java:465)
at pageObjects.ExistingMorbidities.ClickOnUndo(ExistingMorbidities.java:235)
at stepDefinitions.ExistingMorbiditiesSD.patient_clicks_on_undo_button(ExistingMorbiditiesSD.java:56)
at ✽.Patient  clicks on undo button(file:///Users/kalai/Documents/GitLab/Sepsis-Application/src/test/resources/features/03existingMorbidities.feature:14)
]]>
            </full-stacktrace>
          </exception> <!-- org.openqa.selenium.NoSuchElementException -->
          <reporter-output>
          </reporter-output>
        </test-method> <!-- runScenario -->
        <test-method signature="runScenario(io.cucumber.testng.PickleWrapper,io.cucumber.testng.FeatureWrapper)[pri:0, instance:runner.TestRunnertestNG@15a34df2]" started-at="2023-11-14T12:51:04 CST" name="runScenario" description="Runs Cucumber Scenarios" data-provider="scenarios" finished-at="2023-11-14T12:51:34 CST" duration-ms="30400" status="FAIL">
          <params>
            <param index="0">
              <value>
                <![CDATA["Validate the Other textbox"]]>
              </value>
            </param>
            <param index="1">
              <value>
                <![CDATA["Validitate Existing Morbidities"]]>
              </value>
            </param>
          </params>
          <exception class="org.openqa.selenium.ElementNotInteractableException">
            <message>
              <![CDATA[element not interactable
  (Session info: chrome=119.0.6045.123)
Build info: version: '4.12.0', revision: '249f2a7d1b*'
System info: os.name: 'Mac OS X', os.arch: 'aarch64', os.version: '13.4', java.version: '17.0.6'
Driver info: org.openqa.selenium.chrome.ChromeDriver
Command: [7136e80ba5abe00c1e1426d313e044ac, clickElement {id=3723F474D663748F1541676CAB73FD81_element_292}]
Capabilities {acceptInsecureCerts: false, browserName: chrome, browserVersion: 119.0.6045.123, chrome: {chromedriverVersion: 119.0.6045.105 (38c72552c5e..., userDataDir: /var/folders/r3/5_bhvqb55bq...}, fedcm:accounts: true, goog:chromeOptions: {debuggerAddress: localhost:62114}, networkConnectionEnabled: false, pageLoadStrategy: normal, platformName: mac, proxy: Proxy(), se:cdp: ws://localhost:62114/devtoo..., se:cdpVersion: 119.0.6045.123, setWindowRect: true, strictFileInteractability: false, timeouts: {implicit: 0, pageLoad: 300000, script: 30000}, unhandledPromptBehavior: dismiss and notify, webauthn:extension:credBlob: true, webauthn:extension:largeBlob: true, webauthn:extension:minPinLength: true, webauthn:extension:prf: true, webauthn:virtualAuthenticators: true}
Element: [[ChromeDriver: chrome on mac (7136e80ba5abe00c1e1426d313e044ac)] -> xpath: (//span[@title='Other'])[1]]
Session ID: 7136e80ba5abe00c1e1426d313e044ac]]>
            </message>
            <full-stacktrace>
              <![CDATA[org.openqa.selenium.ElementNotInteractableException: element not interactable
  (Session info: chrome=119.0.6045.123)
Build info: version: '4.12.0', revision: '249f2a7d1b*'
System info: os.name: 'Mac OS X', os.arch: 'aarch64', os.version: '13.4', java.version: '17.0.6'
Driver info: org.openqa.selenium.chrome.ChromeDriver
Command: [7136e80ba5abe00c1e1426d313e044ac, clickElement {id=3723F474D663748F1541676CAB73FD81_element_292}]
Capabilities {acceptInsecureCerts: false, browserName: chrome, browserVersion: 119.0.6045.123, chrome: {chromedriverVersion: 119.0.6045.105 (38c72552c5e..., userDataDir: /var/folders/r3/5_bhvqb55bq...}, fedcm:accounts: true, goog:chromeOptions: {debuggerAddress: localhost:62114}, networkConnectionEnabled: false, pageLoadStrategy: normal, platformName: mac, proxy: Proxy(), se:cdp: ws://localhost:62114/devtoo..., se:cdpVersion: 119.0.6045.123, setWindowRect: true, strictFileInteractability: false, timeouts: {implicit: 0, pageLoad: 300000, script: 30000}, unhandledPromptBehavior: dismiss and notify, webauthn:extension:credBlob: true, webauthn:extension:largeBlob: true, webauthn:extension:minPinLength: true, webauthn:extension:prf: true, webauthn:virtualAuthenticators: true}
Element: [[ChromeDriver: chrome on mac (7136e80ba5abe00c1e1426d313e044ac)] -> xpath: (//span[@title='Other'])[1]]
Session ID: 7136e80ba5abe00c1e1426d313e044ac
at java.base/jdk.internal.reflect.NativeConstructorAccessorImpl.newInstance0(Native Method)
at java.base/jdk.internal.reflect.NativeConstructorAccessorImpl.newInstance(NativeConstructorAccessorImpl.java:77)
at java.base/jdk.internal.reflect.DelegatingConstructorAccessorImpl.newInstance(DelegatingConstructorAccessorImpl.java:45)
at java.base/java.lang.reflect.Constructor.newInstanceWithCaller(Constructor.java:499)
at java.base/java.lang.reflect.Constructor.newInstance(Constructor.java:480)
at org.openqa.selenium.remote.codec.w3c.W3CHttpResponseCodec.createException(W3CHttpResponseCodec.java:200)
at org.openqa.selenium.remote.codec.w3c.W3CHttpResponseCodec.decode(W3CHttpResponseCodec.java:133)
at org.openqa.selenium.remote.codec.w3c.W3CHttpResponseCodec.decode(W3CHttpResponseCodec.java:52)
at org.openqa.selenium.remote.HttpCommandExecutor.execute(HttpCommandExecutor.java:191)
at org.openqa.selenium.remote.service.DriverCommandExecutor.invokeExecute(DriverCommandExecutor.java:196)
at org.openqa.selenium.remote.service.DriverCommandExecutor.execute(DriverCommandExecutor.java:171)
at org.openqa.selenium.remote.RemoteWebDriver.execute(RemoteWebDriver.java:602)
at org.openqa.selenium.remote.RemoteWebElement.execute(RemoteWebElement.java:224)
at org.openqa.selenium.remote.RemoteWebElement.click(RemoteWebElement.java:77)
at jdk.internal.reflect.GeneratedMethodAccessor102.invoke(Unknown Source)
at java.base/jdk.internal.reflect.DelegatingMethodAccessorImpl.invoke(DelegatingMethodAccessorImpl.java:43)
at java.base/java.lang.reflect.Method.invoke(Method.java:568)
at org.openqa.selenium.support.pagefactory.internal.LocatingElementHandler.invoke(LocatingElementHandler.java:51)
at jdk.proxy2/jdk.proxy2.$Proxy35.click(Unknown Source)
at pageObjects.ExistingMorbidities.ValidateExistMorbidityOther(ExistingMorbidities.java:244)
at stepDefinitions.ExistingMorbiditiesSD.patient_selects_as_an_existing_morbidity_in_the_list_available(ExistingMorbiditiesSD.java:69)
at ✽.Patient selects "other" as an existing morbidity in the list available(file:///Users/kalai/Documents/GitLab/Sepsis-Application/src/test/resources/features/03existingMorbidities.feature:20)
]]>
            </full-stacktrace>
          </exception> <!-- org.openqa.selenium.ElementNotInteractableException -->
          <reporter-output>
          </reporter-output>
        </test-method> <!-- runScenario -->
        <test-method signature="runScenario(io.cucumber.testng.PickleWrapper,io.cucumber.testng.FeatureWrapper)[pri:0, instance:runner.TestRunnertestNG@15a34df2]" started-at="2023-11-14T12:51:34 CST" name="runScenario" description="Runs Cucumber Scenarios" data-provider="scenarios" finished-at="2023-11-14T12:51:35 CST" duration-ms="288" status="PASS">
          <params>
            <param index="0">
              <value>
                <![CDATA["Validate the Allergy Checkbox"]]>
              </value>
            </param>
            <param index="1">
              <value>
                <![CDATA["Validitate Existing Morbidities"]]>
              </value>
            </param>
          </params>
          <reporter-output>
          </reporter-output>
        </test-method> <!-- runScenario -->
        <test-method signature="runScenario(io.cucumber.testng.PickleWrapper,io.cucumber.testng.FeatureWrapper)[pri:0, instance:runner.TestRunnertestNG@15a34df2]" started-at="2023-11-14T12:51:35 CST" name="runScenario" description="Runs Cucumber Scenarios" data-provider="scenarios" finished-at="2023-11-14T12:51:35 CST" duration-ms="267" status="PASS">
          <params>
            <param index="0">
              <value>
                <![CDATA["Validate the Other textbox in Existing Infections"]]>
              </value>
            </param>
            <param index="1">
              <value>
                <![CDATA["Validitate Existing Morbidities"]]>
              </value>
            </param>
          </params>
          <reporter-output>
          </reporter-output>
        </test-method> <!-- runScenario -->
        <test-method signature="runScenario(io.cucumber.testng.PickleWrapper,io.cucumber.testng.FeatureWrapper)[pri:0, instance:runner.TestRunnertestNG@15a34df2]" started-at="2023-11-14T12:51:35 CST" name="runScenario" description="Runs Cucumber Scenarios" data-provider="scenarios" finished-at="2023-11-14T12:51:35 CST" duration-ms="423" status="PASS">
          <params>
            <param index="0">
              <value>
                <![CDATA["Validate selecting Habits options from available to chosen"]]>
              </value>
            </param>
            <param index="1">
              <value>
                <![CDATA["Validitate Existing Morbidities"]]>
              </value>
            </param>
          </params>
          <reporter-output>
          </reporter-output>
        </test-method> <!-- runScenario -->
        <test-method signature="runScenario(io.cucumber.testng.PickleWrapper,io.cucumber.testng.FeatureWrapper)[pri:0, instance:runner.TestRunnertestNG@15a34df2]" started-at="2023-11-14T12:51:35 CST" name="runScenario" description="Runs Cucumber Scenarios" data-provider="scenarios" finished-at="2023-11-14T12:51:36 CST" duration-ms="425" status="PASS">
          <params>
            <param index="0">
              <value>
                <![CDATA["Validate selecting Physical fitness options from available to chosen"]]>
              </value>
            </param>
            <param index="1">
              <value>
                <![CDATA["Validitate Existing Morbidities"]]>
              </value>
            </param>
          </params>
          <reporter-output>
          </reporter-output>
        </test-method> <!-- runScenario -->
        <test-method signature="runScenario(io.cucumber.testng.PickleWrapper,io.cucumber.testng.FeatureWrapper)[pri:0, instance:runner.TestRunnertestNG@15a34df2]" started-at="2023-11-14T12:51:36 CST" name="runScenario" description="Runs Cucumber Scenarios" data-provider="scenarios" finished-at="2023-11-14T12:51:36 CST" duration-ms="586" status="PASS">
          <params>
            <param index="0">
              <value>
                <![CDATA["Validate selecting Family History options more than one from available to chosen"]]>
              </value>
            </param>
            <param index="1">
              <value>
                <![CDATA["Validitate Existing Morbidities"]]>
              </value>
            </param>
          </params>
          <reporter-output>
          </reporter-output>
        </test-method> <!-- runScenario -->
        <test-method signature="runScenario(io.cucumber.testng.PickleWrapper,io.cucumber.testng.FeatureWrapper)[pri:0, instance:runner.TestRunnertestNG@15a34df2]" started-at="2023-11-14T12:51:36 CST" name="runScenario" description="Runs Cucumber Scenarios" data-provider="scenarios" finished-at="2023-11-14T12:51:37 CST" duration-ms="307" status="PASS">
          <params>
            <param index="0">
              <value>
                <![CDATA["Validate selecting Family History left arrow from chosen to available"]]>
              </value>
            </param>
            <param index="1">
              <value>
                <![CDATA["Validitate Existing Morbidities"]]>
              </value>
            </param>
          </params>
          <reporter-output>
          </reporter-output>
        </test-method> <!-- runScenario -->
        <test-method signature="runScenario(io.cucumber.testng.PickleWrapper,io.cucumber.testng.FeatureWrapper)[pri:0, instance:runner.TestRunnertestNG@15a34df2]" started-at="2023-11-14T12:51:37 CST" name="runScenario" description="Runs Cucumber Scenarios" data-provider="scenarios" finished-at="2023-11-14T12:51:37 CST" duration-ms="82" status="PASS">
          <params>
            <param index="0">
              <value>
                <![CDATA["Validate Fitness Frequency DropDown"]]>
              </value>
            </param>
            <param index="1">
              <value>
                <![CDATA["Validitate Existing Morbidities"]]>
              </value>
            </param>
          </params>
          <reporter-output>
          </reporter-output>
        </test-method> <!-- runScenario -->
        <test-method signature="runScenario(io.cucumber.testng.PickleWrapper,io.cucumber.testng.FeatureWrapper)[pri:0, instance:runner.TestRunnertestNG@15a34df2]" started-at="2023-11-14T12:51:37 CST" name="runScenario" description="Runs Cucumber Scenarios" data-provider="scenarios" finished-at="2023-11-14T12:51:37 CST" duration-ms="333" status="PASS">
          <params>
            <param index="0">
              <value>
                <![CDATA["Validate the Surgeries Checkbox"]]>
              </value>
            </param>
            <param index="1">
              <value>
                <![CDATA["Validitate Existing Morbidities"]]>
              </value>
            </param>
          </params>
          <reporter-output>
          </reporter-output>
        </test-method> <!-- runScenario -->
        <test-method signature="runScenario(io.cucumber.testng.PickleWrapper,io.cucumber.testng.FeatureWrapper)[pri:0, instance:runner.TestRunnertestNG@15a34df2]" started-at="2023-11-14T12:51:37 CST" name="runScenario" description="Runs Cucumber Scenarios" data-provider="scenarios" finished-at="2023-11-14T12:51:37 CST" duration-ms="57" status="PASS">
          <params>
            <param index="0">
              <value>
                <![CDATA["Validate Immunization DropDown"]]>
              </value>
            </param>
            <param index="1">
              <value>
                <![CDATA["Validitate Existing Morbidities"]]>
              </value>
            </param>
          </params>
          <reporter-output>
          </reporter-output>
        </test-method> <!-- runScenario -->
        <test-method signature="runScenario(io.cucumber.testng.PickleWrapper,io.cucumber.testng.FeatureWrapper)[pri:0, instance:runner.TestRunnertestNG@15a34df2]" started-at="2023-11-14T12:51:37 CST" name="runScenario" description="Runs Cucumber Scenarios" data-provider="scenarios" finished-at="2023-11-14T12:51:37 CST" duration-ms="257" status="PASS">
          <params>
            <param index="0">
              <value>
                <![CDATA["Validate the International Travel Checkbox"]]>
              </value>
            </param>
            <param index="1">
              <value>
                <![CDATA["Validitate Existing Morbidities"]]>
              </value>
            </param>
          </params>
          <reporter-output>
          </reporter-output>
        </test-method> <!-- runScenario -->
        <test-method is-config="true" signature="tearDownClass()[pri:0, instance:runner.TestRunnertestNG@15a34df2]" started-at="2023-11-14T12:51:37 CST" name="tearDownClass" finished-at="2023-11-14T12:51:42 CST" duration-ms="4517" status="PASS">
          <reporter-output>
          </reporter-output>
        </test-method> <!-- tearDownClass -->
      </class> <!-- runner.TestRunnertestNG -->
      <class name="Standalone">
        <test-method is-config="true" signature="setup()[pri:0, instance:Standalone@33ecda92]" started-at="2023-11-14T12:50:18 CST" name="setup" finished-at="2023-11-14T12:50:20 CST" duration-ms="2239" status="PASS">
          <reporter-output>
          </reporter-output>
        </test-method> <!-- setup -->
        <test-method signature="test()[pri:0, instance:Standalone@33ecda92]" started-at="2023-11-14T12:51:42 CST" name="test" finished-at="2023-11-14T12:52:05 CST" duration-ms="23184" status="FAIL">
          <exception class="org.openqa.selenium.ElementClickInterceptedException">
            <message>
              <![CDATA[element click intercepted: Element <path d="M14 43.7V8.3c0-1 1.3-1.7 2.2-.9l21.2 17.3c.8.6.8 1.9 0 2.5L16.2 44.7c-.9.7-2.2.1-2.2-1z"></path> is not clickable at point (400, 61). Other element would receive the click: <div class="modal-container slds-modal__container" data-aura-rendered-by="1576:0">...</div>
  (Session info: chrome=119.0.6045.123)
Build info: version: '4.12.0', revision: '249f2a7d1b*'
System info: os.name: 'Mac OS X', os.arch: 'aarch64', os.version: '13.4', java.version: '17.0.6'
Driver info: org.openqa.selenium.chrome.ChromeDriver
Command: [4380add50f0e1c2f437b448ee1b1355d, clickElement {id=BA014A511458D4A45F37D7628A9D9186_element_15}]
Capabilities {acceptInsecureCerts: false, browserName: chrome, browserVersion: 119.0.6045.123, chrome: {chromedriverVersion: 119.0.6045.105 (38c72552c5e..., userDataDir: /var/folders/r3/5_bhvqb55bq...}, fedcm:accounts: true, goog:chromeOptions: {debuggerAddress: localhost:62084}, networkConnectionEnabled: false, pageLoadStrategy: normal, platformName: mac, proxy: Proxy(), se:cdp: ws://localhost:62084/devtoo..., se:cdpVersion: 119.0.6045.123, setWindowRect: true, strictFileInteractability: false, timeouts: {implicit: 0, pageLoad: 300000, script: 30000}, unhandledPromptBehavior: dismiss and notify, webauthn:extension:credBlob: true, webauthn:extension:largeBlob: true, webauthn:extension:minPinLength: true, webauthn:extension:prf: true, webauthn:virtualAuthenticators: true}
Element: [[ChromeDriver: chrome on mac (4380add50f0e1c2f437b448ee1b1355d)] -> xpath: (//*[name()='path' and contains(@d,'M14 43.7V8')])[1]]
Session ID: 4380add50f0e1c2f437b448ee1b1355d]]>
            </message>
            <full-stacktrace>
              <![CDATA[org.openqa.selenium.ElementClickInterceptedException: element click intercepted: Element <path d="M14 43.7V8.3c0-1 1.3-1.7 2.2-.9l21.2 17.3c.8.6.8 1.9 0 2.5L16.2 44.7c-.9.7-2.2.1-2.2-1z"></path> is not clickable at point (400, 61). Other element would receive the click: <div class="modal-container slds-modal__container" data-aura-rendered-by="1576:0">...</div>
  (Session info: chrome=119.0.6045.123)
Build info: version: '4.12.0', revision: '249f2a7d1b*'
System info: os.name: 'Mac OS X', os.arch: 'aarch64', os.version: '13.4', java.version: '17.0.6'
Driver info: org.openqa.selenium.chrome.ChromeDriver
Command: [4380add50f0e1c2f437b448ee1b1355d, clickElement {id=BA014A511458D4A45F37D7628A9D9186_element_15}]
Capabilities {acceptInsecureCerts: false, browserName: chrome, browserVersion: 119.0.6045.123, chrome: {chromedriverVersion: 119.0.6045.105 (38c72552c5e..., userDataDir: /var/folders/r3/5_bhvqb55bq...}, fedcm:accounts: true, goog:chromeOptions: {debuggerAddress: localhost:62084}, networkConnectionEnabled: false, pageLoadStrategy: normal, platformName: mac, proxy: Proxy(), se:cdp: ws://localhost:62084/devtoo..., se:cdpVersion: 119.0.6045.123, setWindowRect: true, strictFileInteractability: false, timeouts: {implicit: 0, pageLoad: 300000, script: 30000}, unhandledPromptBehavior: dismiss and notify, webauthn:extension:credBlob: true, webauthn:extension:largeBlob: true, webauthn:extension:minPinLength: true, webauthn:extension:prf: true, webauthn:virtualAuthenticators: true}
Element: [[ChromeDriver: chrome on mac (4380add50f0e1c2f437b448ee1b1355d)] -> xpath: (//*[name()='path' and contains(@d,'M14 43.7V8')])[1]]
Session ID: 4380add50f0e1c2f437b448ee1b1355d
at java.base/jdk.internal.reflect.NativeConstructorAccessorImpl.newInstance0(Native Method)
at java.base/jdk.internal.reflect.NativeConstructorAccessorImpl.newInstance(NativeConstructorAccessorImpl.java:77)
at java.base/jdk.internal.reflect.DelegatingConstructorAccessorImpl.newInstance(DelegatingConstructorAccessorImpl.java:45)
at java.base/java.lang.reflect.Constructor.newInstanceWithCaller(Constructor.java:499)
at java.base/java.lang.reflect.Constructor.newInstance(Constructor.java:480)
at org.openqa.selenium.remote.codec.w3c.W3CHttpResponseCodec.createException(W3CHttpResponseCodec.java:200)
at org.openqa.selenium.remote.codec.w3c.W3CHttpResponseCodec.decode(W3CHttpResponseCodec.java:133)
at org.openqa.selenium.remote.codec.w3c.W3CHttpResponseCodec.decode(W3CHttpResponseCodec.java:52)
at org.openqa.selenium.remote.HttpCommandExecutor.execute(HttpCommandExecutor.java:191)
at org.openqa.selenium.remote.service.DriverCommandExecutor.invokeExecute(DriverCommandExecutor.java:196)
at org.openqa.selenium.remote.service.DriverCommandExecutor.execute(DriverCommandExecutor.java:171)
at org.openqa.selenium.remote.RemoteWebDriver.execute(RemoteWebDriver.java:602)
at org.openqa.selenium.remote.RemoteWebElement.execute(RemoteWebElement.java:224)
at org.openqa.selenium.remote.RemoteWebElement.click(RemoteWebElement.java:77)
at Standalone.test(Standalone.java:74)
at java.base/jdk.internal.reflect.NativeMethodAccessorImpl.invoke0(Native Method)
at java.base/jdk.internal.reflect.NativeMethodAccessorImpl.invoke(NativeMethodAccessorImpl.java:77)
at java.base/jdk.internal.reflect.DelegatingMethodAccessorImpl.invoke(DelegatingMethodAccessorImpl.java:43)
at java.base/java.lang.reflect.Method.invoke(Method.java:568)
at org.testng.internal.MethodInvocationHelper.invokeMethod(MethodInvocationHelper.java:133)
at org.testng.internal.TestInvoker.invokeMethod(TestInvoker.java:598)
at org.testng.internal.TestInvoker.invokeTestMethod(TestInvoker.java:173)
at org.testng.internal.MethodRunner.runInSequence(MethodRunner.java:46)
at org.testng.internal.TestInvoker$MethodInvocationAgent.invoke(TestInvoker.java:824)
at org.testng.internal.TestInvoker.invokeTestMethods(TestInvoker.java:146)
at org.testng.internal.TestMethodWorker.invokeTestMethods(TestMethodWorker.java:146)
at org.testng.internal.TestMethodWorker.run(TestMethodWorker.java:128)
at java.base/java.util.ArrayList.forEach(ArrayList.java:1511)
at org.testng.TestRunner.privateRun(TestRunner.java:794)
at org.testng.TestRunner.run(TestRunner.java:596)
at org.testng.SuiteRunner.runTest(SuiteRunner.java:377)
at org.testng.SuiteRunner.runSequentially(SuiteRunner.java:371)
at org.testng.SuiteRunner.privateRun(SuiteRunner.java:332)
at org.testng.SuiteRunner.run(SuiteRunner.java:276)
at org.testng.SuiteRunnerWorker.runSuite(SuiteRunnerWorker.java:53)
at org.testng.SuiteRunnerWorker.run(SuiteRunnerWorker.java:96)
at org.testng.TestNG.runSuitesSequentially(TestNG.java:1212)
at org.testng.TestNG.runSuitesLocally(TestNG.java:1134)
at org.testng.TestNG.runSuites(TestNG.java:1063)
at org.testng.TestNG.run(TestNG.java:1031)
at org.testng.remote.AbstractRemoteTestNG.run(AbstractRemoteTestNG.java:115)
at org.testng.remote.RemoteTestNG.initAndRun(RemoteTestNG.java:251)
at org.testng.remote.RemoteTestNG.main(RemoteTestNG.java:77)
]]>
            </full-stacktrace>
          </exception> <!-- org.openqa.selenium.ElementClickInterceptedException -->
          <reporter-output>
          </reporter-output>
        </test-method> <!-- test -->
        <test-method is-config="true" signature="teardown()[pri:0, instance:Standalone@33ecda92]" started-at="2023-11-14T12:52:05 CST" name="teardown" finished-at="2023-11-14T12:52:05 CST" duration-ms="110" status="PASS">
          <reporter-output>
          </reporter-output>
        </test-method> <!-- teardown -->
      </class> <!-- Standalone -->
      <class name="runner.FailedTestRunner">
        <test-method is-config="true" signature="setUpClass(org.testng.ITestContext)[pri:0, instance:runner.FailedTestRunner@14fc5f04]" started-at="2023-11-14T12:52:05 CST" name="setUpClass" finished-at="2023-11-14T12:52:05 CST" duration-ms="6" status="FAIL">
          <params>
            <param index="0">
              <value>
                <![CDATA[org.testng.TestRunner@2e845f1c]]>
              </value>
            </param>
          </params>
          <exception class="java.lang.RuntimeException">
            <message>
              <![CDATA[java.nio.file.NoSuchFileException: target/failed_scenarios.txt]]>
            </message>
            <full-stacktrace>
              <![CDATA[java.lang.RuntimeException: java.nio.file.NoSuchFileException: target/failed_scenarios.txt
at io.cucumber.core.options.RerunPath.listRerunFiles(RerunPath.java:56)
at io.cucumber.core.options.RerunPath.parse(RerunPath.java:33)
at io.cucumber.core.options.FeatureWithLinesOrRerunPath.parse(FeatureWithLinesOrRerunPath.java:48)
at io.cucumber.core.options.CucumberOptionsAnnotationParser.addFeatures(CucumberOptionsAnnotationParser.java:133)
at io.cucumber.core.options.CucumberOptionsAnnotationParser.parse(CucumberOptionsAnnotationParser.java:44)
at io.cucumber.testng.TestNGCucumberRunner.<init>(TestNGCucumberRunner.java:85)
at io.cucumber.testng.AbstractTestNGCucumberTests.setUpClass(AbstractTestNGCucumberTests.java:27)
at java.base/jdk.internal.reflect.NativeMethodAccessorImpl.invoke0(Native Method)
at java.base/jdk.internal.reflect.NativeMethodAccessorImpl.invoke(NativeMethodAccessorImpl.java:77)
at java.base/jdk.internal.reflect.DelegatingMethodAccessorImpl.invoke(DelegatingMethodAccessorImpl.java:43)
at java.base/java.lang.reflect.Method.invoke(Method.java:568)
at org.testng.internal.MethodInvocationHelper.invokeMethod(MethodInvocationHelper.java:133)
at org.testng.internal.MethodInvocationHelper.invokeMethodConsideringTimeout(MethodInvocationHelper.java:62)
at org.testng.internal.ConfigInvoker.invokeConfigurationMethod(ConfigInvoker.java:385)
at org.testng.internal.ConfigInvoker.invokeConfigurations(ConfigInvoker.java:321)
at org.testng.internal.TestMethodWorker.invokeBeforeClassMethods(TestMethodWorker.java:176)
at org.testng.internal.TestMethodWorker.run(TestMethodWorker.java:122)
at java.base/java.util.ArrayList.forEach(ArrayList.java:1511)
at org.testng.TestRunner.privateRun(TestRunner.java:794)
at org.testng.TestRunner.run(TestRunner.java:596)
at org.testng.SuiteRunner.runTest(SuiteRunner.java:377)
at org.testng.SuiteRunner.runSequentially(SuiteRunner.java:371)
at org.testng.SuiteRunner.privateRun(SuiteRunner.java:332)
at org.testng.SuiteRunner.run(SuiteRunner.java:276)
at org.testng.SuiteRunnerWorker.runSuite(SuiteRunnerWorker.java:53)
at org.testng.SuiteRunnerWorker.run(SuiteRunnerWorker.java:96)
at org.testng.TestNG.runSuitesSequentially(TestNG.java:1212)
at org.testng.TestNG.runSuitesLocally(TestNG.java:1134)
at org.testng.TestNG.runSuites(TestNG.java:1063)
at org.testng.TestNG.run(TestNG.java:1031)
at org.testng.remote.AbstractRemoteTestNG.run(AbstractRemoteTestNG.java:115)
at org.testng.remote.RemoteTestNG.initAndRun(RemoteTestNG.java:251)
at org.testng.remote.RemoteTestNG.main(RemoteTestNG.java:77)
Caused by: java.nio.file.NoSuchFileException: target/failed_scenarios.txt
at java.base/sun.nio.fs.UnixException.translateToIOException(UnixException.java:92)
at java.base/sun.nio.fs.UnixException.rethrowAsIOException(UnixException.java:106)
at java.base/sun.nio.fs.UnixException.rethrowAsIOException(UnixException.java:111)
at java.base/sun.nio.fs.UnixFileAttributeViews$Basic.readAttributes(UnixFileAttributeViews.java:55)
at java.base/sun.nio.fs.UnixFileSystemProvider.readAttributes(UnixFileSystemProvider.java:148)
at java.base/java.nio.file.Files.readAttributes(Files.java:1851)
at java.base/java.nio.file.FileTreeWalker.getAttributes(FileTreeWalker.java:220)
at java.base/java.nio.file.FileTreeWalker.visit(FileTreeWalker.java:277)
at java.base/java.nio.file.FileTreeWalker.walk(FileTreeWalker.java:323)
at java.base/java.nio.file.Files.walkFileTree(Files.java:2804)
at java.base/java.nio.file.Files.walkFileTree(Files.java:2882)
at io.cucumber.core.options.RerunPath.listRerunFiles(RerunPath.java:53)
... 32 more
]]>
            </full-stacktrace>
          </exception> <!-- java.lang.RuntimeException -->
          <reporter-output>
          </reporter-output>
        </test-method> <!-- setUpClass -->
        <test-method is-config="true" signature="tearDownClass()[pri:0, instance:runner.FailedTestRunner@14fc5f04]" started-at="2023-11-14T12:52:05 CST" name="tearDownClass" finished-at="2023-11-14T12:52:05 CST" duration-ms="1" status="PASS">
          <reporter-output>
          </reporter-output>
        </test-method> <!-- tearDownClass -->
      </class> <!-- runner.FailedTestRunner -->
    </test> <!-- Default test -->
  </suite> <!-- Default suite -->
</testng-results>
