<?xml version="1.0" encoding="UTF-8"?>
<!-- Generated by org.testng.reporters.JUnitReportReporter -->
<<<<<<< HEAD
<testsuite hostname="DESKTOP-GPKURBV" failures="0" tests="18" name="runner.TestRunnertestNG" time="28.464" errors="0" timestamp="2023-11-15T13:16:40 CST" skipped="0">
  <testcase classname="runner.TestRunnertestNG" name="runScenario" time="0.427"/>
  <system-out/>
  <testcase classname="runner.TestRunnertestNG" name="runScenario" time="0.563"/>
  <system-out/>
  <testcase classname="runner.TestRunnertestNG" name="runScenario" time="0.262"/>
  <system-out/>
  <testcase classname="runner.TestRunnertestNG" name="runScenario" time="0.531"/>
  <system-out/>
  <testcase classname="runner.TestRunnertestNG" name="runScenario" time="15.628"/>
  <system-out/>
  <testcase classname="runner.TestRunnertestNG" name="runScenario" time="1.139"/>
  <system-out/>
  <testcase classname="runner.TestRunnertestNG" name="runScenario" time="0.321"/>
  <system-out/>
  <testcase classname="runner.TestRunnertestNG" name="runScenario" time="1.618"/>
  <system-out/>
  <testcase classname="runner.TestRunnertestNG" name="runScenario" time="0.808"/>
  <system-out/>
  <testcase classname="runner.TestRunnertestNG" name="runScenario" time="0.179"/>
  <system-out/>
  <testcase classname="runner.TestRunnertestNG" name="runScenario" time="0.545"/>
  <system-out/>
  <testcase classname="runner.TestRunnertestNG" name="runScenario" time="0.649"/>
  <system-out/>
  <testcase classname="runner.TestRunnertestNG" name="runScenario" time="0.620"/>
  <system-out/>
  <testcase classname="runner.TestRunnertestNG" name="runScenario" time="0.836"/>
  <system-out/>
  <testcase classname="runner.TestRunnertestNG" name="runScenario" time="0.474"/>
  <system-out/>
  <testcase classname="runner.TestRunnertestNG" name="runScenario" time="1.868"/>
  <system-out/>
  <testcase classname="runner.TestRunnertestNG" name="runScenario" time="1.411"/>
  <system-out/>
  <testcase classname="runner.TestRunnertestNG" name="runScenario" time="0.585"/>
=======
<testsuite hostname="Archanas-Air.phub.net.cable.rogers.com" failures="0" tests="26" name="runner.TestRunnertestNG" time="22.969" errors="2" timestamp="2023-11-15T13:48:19 EST" skipped="0">
  <testcase classname="runner.TestRunnertestNG" name="runScenario" time="0.270"/>
  <system-out/>
  <testcase classname="runner.TestRunnertestNG" name="runScenario" time="0.457"/>
  <system-out/>
  <testcase classname="runner.TestRunnertestNG" name="runScenario" time="0.193"/>
  <system-out/>
  <testcase classname="runner.TestRunnertestNG" name="runScenario" time="0.278"/>
  <system-out/>
  <testcase classname="runner.TestRunnertestNG" name="runScenario" time="0.123"/>
  <system-out/>
  <testcase classname="runner.TestRunnertestNG" name="runScenario" time="1.581">
    <error message="element click intercepted: Element &lt;path d=&quot;M14 43.7V8.3c0-1 1.3-1.7 2.2-.9l21.2 17.3c.8.6.8 1.9 0 2.5L16.2 44.7c-.9.7-2.2.1-2.2-1z&quot;&gt;&lt;/path&gt; is not clickable at point (514, 53). Other element would receive the click: &lt;lightning-primitive-icon variant=&quot;bare&quot;&gt;&lt;/lightning-primitive-icon&gt;
  (Session info: chrome=119.0.6045.123)
Build info: version: &#039;4.12.0&#039;, revision: &#039;249f2a7d1b*&#039;
System info: os.name: &#039;Mac OS X&#039;, os.arch: &#039;aarch64&#039;, os.version: &#039;12.6&#039;, java.version: &#039;17.0.1&#039;
Driver info: org.openqa.selenium.chrome.ChromeDriver
Command: [897a8454f63d83b797b1fc559746d0af, clickElement {id=FC1D655EF217954E0626B2FED8AF3D89_element_8427}]
Capabilities {acceptInsecureCerts: false, browserName: chrome, browserVersion: 119.0.6045.123, chrome: {chromedriverVersion: 119.0.6045.105 (38c72552c5e..., userDataDir: /var/folders/hp/mjygw40d1y1...}, fedcm:accounts: true, goog:chromeOptions: {debuggerAddress: localhost:55169}, networkConnectionEnabled: false, pageLoadStrategy: normal, platformName: mac, proxy: Proxy(), se:cdp: ws://localhost:55169/devtoo..., se:cdpVersion: 119.0.6045.123, setWindowRect: true, strictFileInteractability: false, timeouts: {implicit: 0, pageLoad: 300000, script: 30000}, unhandledPromptBehavior: dismiss and notify, webauthn:extension:credBlob: true, webauthn:extension:largeBlob: true, webauthn:extension:minPinLength: true, webauthn:extension:prf: true, webauthn:virtualAuthenticators: true}
Element: [[ChromeDriver: chrome on mac (897a8454f63d83b797b1fc559746d0af)] -&gt; xpath: (//*[name()=&#039;path&#039; and contains(@d,&#039;M14 43.7V8&#039;)])[1]]
Session ID: 897a8454f63d83b797b1fc559746d0af" type="org.openqa.selenium.ElementClickInterceptedException">
      <![CDATA[org.openqa.selenium.ElementClickInterceptedException: element click intercepted: Element <path d="M14 43.7V8.3c0-1 1.3-1.7 2.2-.9l21.2 17.3c.8.6.8 1.9 0 2.5L16.2 44.7c-.9.7-2.2.1-2.2-1z"></path> is not clickable at point (514, 53). Other element would receive the click: <lightning-primitive-icon variant="bare"></lightning-primitive-icon>
  (Session info: chrome=119.0.6045.123)
Build info: version: '4.12.0', revision: '249f2a7d1b*'
System info: os.name: 'Mac OS X', os.arch: 'aarch64', os.version: '12.6', java.version: '17.0.1'
Driver info: org.openqa.selenium.chrome.ChromeDriver
Command: [897a8454f63d83b797b1fc559746d0af, clickElement {id=FC1D655EF217954E0626B2FED8AF3D89_element_8427}]
Capabilities {acceptInsecureCerts: false, browserName: chrome, browserVersion: 119.0.6045.123, chrome: {chromedriverVersion: 119.0.6045.105 (38c72552c5e..., userDataDir: /var/folders/hp/mjygw40d1y1...}, fedcm:accounts: true, goog:chromeOptions: {debuggerAddress: localhost:55169}, networkConnectionEnabled: false, pageLoadStrategy: normal, platformName: mac, proxy: Proxy(), se:cdp: ws://localhost:55169/devtoo..., se:cdpVersion: 119.0.6045.123, setWindowRect: true, strictFileInteractability: false, timeouts: {implicit: 0, pageLoad: 300000, script: 30000}, unhandledPromptBehavior: dismiss and notify, webauthn:extension:credBlob: true, webauthn:extension:largeBlob: true, webauthn:extension:minPinLength: true, webauthn:extension:prf: true, webauthn:virtualAuthenticators: true}
Element: [[ChromeDriver: chrome on mac (897a8454f63d83b797b1fc559746d0af)] -> xpath: (//*[name()='path' and contains(@d,'M14 43.7V8')])[1]]
Session ID: 897a8454f63d83b797b1fc559746d0af
at java.base/jdk.internal.reflect.NativeConstructorAccessorImpl.newInstance0(Native Method)
at java.base/jdk.internal.reflect.NativeConstructorAccessorImpl.newInstance(NativeConstructorAccessorImpl.java:77)
at java.base/jdk.internal.reflect.DelegatingConstructorAccessorImpl.newInstance(DelegatingConstructorAccessorImpl.java:45)
at java.base/java.lang.reflect.Constructor.newInstanceWithCaller(Constructor.java:499)
at java.base/java.lang.reflect.Constructor.newInstance(Constructor.java:480)
at org.openqa.selenium.remote.codec.w3c.W3CHttpResponseCodec.createException(W3CHttpResponseCodec.java:200)
at org.openqa.selenium.remote.codec.w3c.W3CHttpResponseCodec.decode(W3CHttpResponseCodec.java:133)
at org.openqa.selenium.remote.codec.w3c.W3CHttpResponseCodec.decode(W3CHttpResponseCodec.java:52)
at org.openqa.selenium.remote.HttpCommandExecutor.execute(HttpCommandExecutor.java:191)
at org.openqa.selenium.remote.service.DriverCommandExecutor.invokeExecute(DriverCommandExecutor.java:196)
at org.openqa.selenium.remote.service.DriverCommandExecutor.execute(DriverCommandExecutor.java:171)
at org.openqa.selenium.remote.RemoteWebDriver.execute(RemoteWebDriver.java:602)
at org.openqa.selenium.remote.RemoteWebElement.execute(RemoteWebElement.java:224)
at org.openqa.selenium.remote.RemoteWebElement.click(RemoteWebElement.java:77)
at jdk.internal.reflect.GeneratedMethodAccessor103.invoke(Unknown Source)
at java.base/jdk.internal.reflect.DelegatingMethodAccessorImpl.invoke(DelegatingMethodAccessorImpl.java:43)
at java.base/java.lang.reflect.Method.invoke(Method.java:568)
at org.openqa.selenium.support.pagefactory.internal.LocatingElementHandler.invoke(LocatingElementHandler.java:51)
at jdk.proxy2/jdk.proxy2.$Proxy34.click(Unknown Source)
at pageObjects.ExistingMorbidities.ClickonRightarrow(ExistingMorbidities.java:227)
at stepDefinitions.ExistingMorbiditiesSD.clicks_the_right_arrow_of_existing_morbidities_listbox(ExistingMorbiditiesSD.java:74)
at ✽.clicks the right arrow of  existing morbidities listbox(file:///Users/archanasawant/Documents/GitHub/Sepsis-Application/src/test/resources/features/03existingMorbidities.feature:21)
]]>
    </error>
  </testcase> <!-- runScenario -->
  <system-out/>
  <testcase classname="runner.TestRunnertestNG" name="runScenario" time="0.091"/>
  <system-out/>
  <testcase classname="runner.TestRunnertestNG" name="runScenario" time="0.294"/>
  <system-out/>
  <testcase classname="runner.TestRunnertestNG" name="runScenario" time="0.319"/>
  <system-out/>
  <testcase classname="runner.TestRunnertestNG" name="runScenario" time="0.134"/>
  <system-out/>
  <testcase classname="runner.TestRunnertestNG" name="runScenario" time="0.788"/>
  <system-out/>
  <testcase classname="runner.TestRunnertestNG" name="runScenario" time="0.693"/>
  <system-out/>
  <testcase classname="runner.TestRunnertestNG" name="runScenario" time="0.172"/>
  <system-out/>
  <testcase classname="runner.TestRunnertestNG" name="runScenario" time="1.477">
    <error message="element click intercepted: Element &lt;button lwc-4kb6kaqheak=&quot;&quot; class=&quot;slds-combobox__input slds-input_faux slds-combobox__input-value&quot; id=&quot;combobox-button-400&quot; type=&quot;button&quot; aria-expanded=&quot;false&quot; aria-haspopup=&quot;listbox&quot; role=&quot;combobox&quot; data-value=&quot;--None--&quot; aria-label=&quot;Height In, --None--&quot; aria-required=&quot;false&quot; aria-controls=&quot;dropdown-element-400&quot;&gt;...&lt;/button&gt; is not clickable at point (514, 659). Other element would receive the click: &lt;div class=&quot;modal-container slds-modal__container&quot; data-aura-rendered-by=&quot;1538:0&quot;&gt;...&lt;/div&gt;
  (Session info: chrome=119.0.6045.123)
Build info: version: &#039;4.12.0&#039;, revision: &#039;249f2a7d1b*&#039;
System info: os.name: &#039;Mac OS X&#039;, os.arch: &#039;aarch64&#039;, os.version: &#039;12.6&#039;, java.version: &#039;17.0.1&#039;
Driver info: org.openqa.selenium.chrome.ChromeDriver
Command: [897a8454f63d83b797b1fc559746d0af, clickElement {id=FC1D655EF217954E0626B2FED8AF3D89_element_4999}]
Capabilities {acceptInsecureCerts: false, browserName: chrome, browserVersion: 119.0.6045.123, chrome: {chromedriverVersion: 119.0.6045.105 (38c72552c5e..., userDataDir: /var/folders/hp/mjygw40d1y1...}, fedcm:accounts: true, goog:chromeOptions: {debuggerAddress: localhost:55169}, networkConnectionEnabled: false, pageLoadStrategy: normal, platformName: mac, proxy: Proxy(), se:cdp: ws://localhost:55169/devtoo..., se:cdpVersion: 119.0.6045.123, setWindowRect: true, strictFileInteractability: false, timeouts: {implicit: 0, pageLoad: 300000, script: 30000}, unhandledPromptBehavior: dismiss and notify, webauthn:extension:credBlob: true, webauthn:extension:largeBlob: true, webauthn:extension:minPinLength: true, webauthn:extension:prf: true, webauthn:virtualAuthenticators: true}
Element: [[ChromeDriver: chrome on mac (897a8454f63d83b797b1fc559746d0af)] -&gt; xpath: //button[contains(@aria-label,&#039;Height&#039;)]]
Session ID: 897a8454f63d83b797b1fc559746d0af" type="org.openqa.selenium.ElementClickInterceptedException">
      <![CDATA[org.openqa.selenium.ElementClickInterceptedException: element click intercepted: Element <button lwc-4kb6kaqheak="" class="slds-combobox__input slds-input_faux slds-combobox__input-value" id="combobox-button-400" type="button" aria-expanded="false" aria-haspopup="listbox" role="combobox" data-value="--None--" aria-label="Height In, --None--" aria-required="false" aria-controls="dropdown-element-400">...</button> is not clickable at point (514, 659). Other element would receive the click: <div class="modal-container slds-modal__container" data-aura-rendered-by="1538:0">...</div>
  (Session info: chrome=119.0.6045.123)
Build info: version: '4.12.0', revision: '249f2a7d1b*'
System info: os.name: 'Mac OS X', os.arch: 'aarch64', os.version: '12.6', java.version: '17.0.1'
Driver info: org.openqa.selenium.chrome.ChromeDriver
Command: [897a8454f63d83b797b1fc559746d0af, clickElement {id=FC1D655EF217954E0626B2FED8AF3D89_element_4999}]
Capabilities {acceptInsecureCerts: false, browserName: chrome, browserVersion: 119.0.6045.123, chrome: {chromedriverVersion: 119.0.6045.105 (38c72552c5e..., userDataDir: /var/folders/hp/mjygw40d1y1...}, fedcm:accounts: true, goog:chromeOptions: {debuggerAddress: localhost:55169}, networkConnectionEnabled: false, pageLoadStrategy: normal, platformName: mac, proxy: Proxy(), se:cdp: ws://localhost:55169/devtoo..., se:cdpVersion: 119.0.6045.123, setWindowRect: true, strictFileInteractability: false, timeouts: {implicit: 0, pageLoad: 300000, script: 30000}, unhandledPromptBehavior: dismiss and notify, webauthn:extension:credBlob: true, webauthn:extension:largeBlob: true, webauthn:extension:minPinLength: true, webauthn:extension:prf: true, webauthn:virtualAuthenticators: true}
Element: [[ChromeDriver: chrome on mac (897a8454f63d83b797b1fc559746d0af)] -> xpath: //button[contains(@aria-label,'Height')]]
Session ID: 897a8454f63d83b797b1fc559746d0af
at java.base/jdk.internal.reflect.NativeConstructorAccessorImpl.newInstance0(Native Method)
at java.base/jdk.internal.reflect.NativeConstructorAccessorImpl.newInstance(NativeConstructorAccessorImpl.java:77)
at java.base/jdk.internal.reflect.DelegatingConstructorAccessorImpl.newInstance(DelegatingConstructorAccessorImpl.java:45)
at java.base/java.lang.reflect.Constructor.newInstanceWithCaller(Constructor.java:499)
at java.base/java.lang.reflect.Constructor.newInstance(Constructor.java:480)
at org.openqa.selenium.remote.codec.w3c.W3CHttpResponseCodec.createException(W3CHttpResponseCodec.java:200)
at org.openqa.selenium.remote.codec.w3c.W3CHttpResponseCodec.decode(W3CHttpResponseCodec.java:133)
at org.openqa.selenium.remote.codec.w3c.W3CHttpResponseCodec.decode(W3CHttpResponseCodec.java:52)
at org.openqa.selenium.remote.HttpCommandExecutor.execute(HttpCommandExecutor.java:191)
at org.openqa.selenium.remote.service.DriverCommandExecutor.invokeExecute(DriverCommandExecutor.java:196)
at org.openqa.selenium.remote.service.DriverCommandExecutor.execute(DriverCommandExecutor.java:171)
at org.openqa.selenium.remote.RemoteWebDriver.execute(RemoteWebDriver.java:602)
at org.openqa.selenium.remote.RemoteWebElement.execute(RemoteWebElement.java:224)
at org.openqa.selenium.remote.RemoteWebElement.click(RemoteWebElement.java:77)
at java.base/jdk.internal.reflect.NativeMethodAccessorImpl.invoke0(Native Method)
at java.base/jdk.internal.reflect.NativeMethodAccessorImpl.invoke(NativeMethodAccessorImpl.java:77)
at java.base/jdk.internal.reflect.DelegatingMethodAccessorImpl.invoke(DelegatingMethodAccessorImpl.java:43)
at java.base/java.lang.reflect.Method.invoke(Method.java:568)
at org.openqa.selenium.support.pagefactory.internal.LocatingElementHandler.invoke(LocatingElementHandler.java:51)
at jdk.proxy2/jdk.proxy2.$Proxy34.click(Unknown Source)
at pageObjects.PatientObject.medicalHistory(PatientObject.java:218)
at stepDefinitions.PatientObjectSD.patient_enters_and_on_medical_history(PatientObjectSD.java:74)
at ✽.Patient enters "12.00" and "60" on medical history(file:///Users/archanasawant/Documents/GitHub/Sepsis-Application/src/test/resources/features/02patientObject.feature:31)
]]>
    </error>
  </testcase> <!-- runScenario -->
  <system-out/>
  <testcase classname="runner.TestRunnertestNG" name="runScenario" time="0.083"/>
  <system-out/>
  <testcase classname="runner.TestRunnertestNG" name="runScenario" time="0.300"/>
  <system-out/>
  <testcase classname="runner.TestRunnertestNG" name="runScenario" time="12.431"/>
  <system-out/>
  <testcase classname="runner.TestRunnertestNG" name="runScenario" time="0.183"/>
  <system-out/>
  <testcase classname="runner.TestRunnertestNG" name="runScenario" time="0.493"/>
  <system-out/>
  <testcase classname="runner.TestRunnertestNG" name="runScenario" time="0.102"/>
  <system-out/>
  <testcase classname="runner.TestRunnertestNG" name="runScenario" time="0.606"/>
  <system-out/>
  <testcase classname="runner.TestRunnertestNG" name="runScenario" time="0.144"/>
  <system-out/>
  <testcase classname="runner.TestRunnertestNG" name="runScenario" time="0.285"/>
  <system-out/>
  <testcase classname="runner.TestRunnertestNG" name="runScenario" time="0.802"/>
  <system-out/>
  <testcase classname="runner.TestRunnertestNG" name="runScenario" time="0.501"/>
  <system-out/>
  <testcase classname="runner.TestRunnertestNG" name="runScenario" time="0.169"/>
>>>>>>> faeca2a52a1cb635132acde4cc128ebf99e10bc7
  <system-out/>
</testsuite> <!-- runner.TestRunnertestNG -->
